2025-06-17 04:52:02,804 P1745 [INFO] ************************************************************
2025-06-17 04:52:02,804 P1745 [INFO] ConfigSet _OnInstanceBoot
2025-06-17 04:52:02,808 P1745 [INFO] ++++++++++++++++++++++++++++++++++++++++++++++++++++++++++++
2025-06-17 04:52:02,808 P1745 [INFO] Config AWSEBBaseConfig
2025-06-17 04:52:03,145 P1745 [INFO] ============================================================
2025-06-17 04:52:03,145 P1745 [INFO] Command clearbackupfiles
2025-06-17 04:52:03,157 P1745 [INFO] Completed successfully.
2025-06-17 04:52:03,162 P1745 [INFO] ++++++++++++++++++++++++++++++++++++++++++++++++++++++++++++
2025-06-17 04:52:03,162 P1745 [INFO] Config AWSEBCfnHupEndpointOverride
2025-06-17 04:52:03,169 P1745 [INFO] ============================================================
2025-06-17 04:52:03,169 P1745 [INFO] Command clearbackupfiles
2025-06-17 04:52:03,174 P1745 [INFO] Completed successfully.
2025-06-17 04:54:08,903 P2282 [INFO] ************************************************************
2025-06-17 04:54:08,903 P2282 [INFO] ConfigSet Infra-EmbeddedPreBuild
2025-06-17 04:55:54,510 P3094 [INFO] ************************************************************
2025-06-17 04:55:54,510 P3094 [INFO] ConfigSet Infra-EmbeddedPostBuild
2025-06-17 05:14:01,645 P4055 [INFO] ************************************************************
2025-06-17 05:14:01,645 P4055 [INFO] ConfigSet Infra-EmbeddedPreBuild
2025-06-17 05:14:06,877 P4414 [INFO] ************************************************************
2025-06-17 05:14:06,877 P4414 [INFO] ConfigSet Infra-EmbeddedPostBuild
2025-06-17 05:18:02,880 P4769 [INFO] ************************************************************
2025-06-17 05:18:02,880 P4769 [INFO] ConfigSet Infra-EmbeddedPreBuild
2025-06-17 05:18:07,608 P5064 [INFO] ************************************************************
2025-06-17 05:18:07,608 P5064 [INFO] ConfigSet Infra-EmbeddedPostBuild
2025-06-17 05:20:19,534 P5359 [INFO] ************************************************************
2025-06-17 05:20:19,534 P5359 [INFO] ConfigSet Infra-EmbeddedPreBuild
2025-06-17 05:20:24,341 P5711 [INFO] ************************************************************
2025-06-17 05:20:24,341 P5711 [INFO] ConfigSet Infra-EmbeddedPostBuild
2025-06-17 05:35:04,953 P6496 [INFO] ************************************************************
2025-06-17 05:35:04,953 P6496 [INFO] ConfigSet Infra-EmbeddedPreBuild
2025-06-17 05:35:09,734 P6790 [INFO] ************************************************************
2025-06-17 05:35:09,734 P6790 [INFO] ConfigSet Infra-EmbeddedPostBuild
2025-06-17 05:50:39,698 P7601 [INFO] ************************************************************
2025-06-17 05:50:39,698 P7601 [INFO] ConfigSet Infra-EmbeddedPreBuild
2025-06-17 05:50:44,466 P7896 [INFO] ************************************************************
2025-06-17 05:50:44,466 P7896 [INFO] ConfigSet Infra-EmbeddedPostBuild
