2025-06-17T04:54:08.981501097Z container prune  (reclaimed=0)
2025-06-17T04:54:14.144126652Z image pull node:20-slim (name=node)
2025-06-17T04:54:14.831916498Z image pull node:20-slim (name=node)
2025-06-17T04:55:51.905190985Z image tag sha256:dc076ba992451e2e2be629caa4aea156f5450f9caacc1146ce9156f8bb833475 (name=aws_beanstalk/staging-app)
2025-06-17T04:55:54.610947502Z container create 5af210a1dd4b90363d67a566d11d55d0d9dcabf8b21f09a734d3e3d5b07d270e (image=dc076ba99245, name=mystifying_tu)
2025-06-17T04:55:54.651138832Z network connect e46fe69648725226805ff404c7d53657a1dd3c6f3f0447d41959a57afb6b70c7 (container=5af210a1dd4b90363d67a566d11d55d0d9dcabf8b21f09a734d3e3d5b07d270e, name=bridge, type=bridge)
2025-06-17T04:55:55.093006097Z container start 5af210a1dd4b90363d67a566d11d55d0d9dcabf8b21f09a734d3e3d5b07d270e (image=dc076ba99245, name=mystifying_tu)
2025-06-17T04:55:56.994489614Z network disconnect e46fe69648725226805ff404c7d53657a1dd3c6f3f0447d41959a57afb6b70c7 (container=5af210a1dd4b90363d67a566d11d55d0d9dcabf8b21f09a734d3e3d5b07d270e, name=bridge, type=bridge)
2025-06-17T04:55:57.007434880Z container die 5af210a1dd4b90363d67a566d11d55d0d9dcabf8b21f09a734d3e3d5b07d270e (execDuration=1, exitCode=1, image=dc076ba99245, name=mystifying_tu)
2025-06-17T05:14:01.741690880Z container destroy 5af210a1dd4b90363d67a566d11d55d0d9dcabf8b21f09a734d3e3d5b07d270e (image=dc076ba99245, name=mystifying_tu)
2025-06-17T05:14:01.741727140Z container prune  (reclaimed=0)
2025-06-17T05:14:02.647843683Z image pull node:20-slim (name=node)
2025-06-17T05:14:03.329008494Z image pull node:20-slim (name=node)
2025-06-17T05:14:03.595164919Z image tag sha256:dc076ba992451e2e2be629caa4aea156f5450f9caacc1146ce9156f8bb833475 (name=aws_beanstalk/staging-app)
2025-06-17T05:14:07.114981370Z container prune  (reclaimed=0)
2025-06-17T05:14:07.229804599Z container create a5bd941cfc9f7249e3d7d2e427786137c6853d397de9a4dfde3a0fddb4f7611e (image=dc076ba99245, name=confident_dhawan)
2025-06-17T05:14:07.259364517Z network connect e46fe69648725226805ff404c7d53657a1dd3c6f3f0447d41959a57afb6b70c7 (container=a5bd941cfc9f7249e3d7d2e427786137c6853d397de9a4dfde3a0fddb4f7611e, name=bridge, type=bridge)
2025-06-17T05:14:07.578039452Z container start a5bd941cfc9f7249e3d7d2e427786137c6853d397de9a4dfde3a0fddb4f7611e (image=dc076ba99245, name=confident_dhawan)
2025-06-17T05:14:09.542172105Z network disconnect e46fe69648725226805ff404c7d53657a1dd3c6f3f0447d41959a57afb6b70c7 (container=a5bd941cfc9f7249e3d7d2e427786137c6853d397de9a4dfde3a0fddb4f7611e, name=bridge, type=bridge)
2025-06-17T05:14:09.554450396Z container die a5bd941cfc9f7249e3d7d2e427786137c6853d397de9a4dfde3a0fddb4f7611e (execDuration=1, exitCode=1, image=dc076ba99245, name=confident_dhawan)
2025-06-17T05:18:02.960284722Z container destroy a5bd941cfc9f7249e3d7d2e427786137c6853d397de9a4dfde3a0fddb4f7611e (image=dc076ba99245, name=confident_dhawan)
2025-06-17T05:18:02.960321600Z container prune  (reclaimed=0)
2025-06-17T05:18:03.795381334Z image pull node:20-slim (name=node)
2025-06-17T05:18:04.470620081Z image pull node:20-slim (name=node)
2025-06-17T05:18:04.722533459Z image tag sha256:dc076ba992451e2e2be629caa4aea156f5450f9caacc1146ce9156f8bb833475 (name=aws_beanstalk/staging-app)
2025-06-17T05:18:07.874407577Z container prune  (reclaimed=0)
2025-06-17T05:18:07.979391913Z container create ffb798c9e6a96f572a11f36a040e0fef2f2365e7544443b166767dbf9f100819 (image=dc076ba99245, name=wonderful_lehmann)
2025-06-17T05:18:08.001191825Z network connect e46fe69648725226805ff404c7d53657a1dd3c6f3f0447d41959a57afb6b70c7 (container=ffb798c9e6a96f572a11f36a040e0fef2f2365e7544443b166767dbf9f100819, name=bridge, type=bridge)
2025-06-17T05:18:08.274140448Z container start ffb798c9e6a96f572a11f36a040e0fef2f2365e7544443b166767dbf9f100819 (image=dc076ba99245, name=wonderful_lehmann)
2025-06-17T05:18:10.160560464Z network disconnect e46fe69648725226805ff404c7d53657a1dd3c6f3f0447d41959a57afb6b70c7 (container=ffb798c9e6a96f572a11f36a040e0fef2f2365e7544443b166767dbf9f100819, name=bridge, type=bridge)
2025-06-17T05:18:10.170736972Z container die ffb798c9e6a96f572a11f36a040e0fef2f2365e7544443b166767dbf9f100819 (execDuration=1, exitCode=1, image=dc076ba99245, name=wonderful_lehmann)
2025-06-17T05:20:19.612188836Z container destroy ffb798c9e6a96f572a11f36a040e0fef2f2365e7544443b166767dbf9f100819 (image=dc076ba99245, name=wonderful_lehmann)
2025-06-17T05:20:19.612219186Z container prune  (reclaimed=0)
2025-06-17T05:20:20.455517968Z image pull node:20-slim (name=node)
2025-06-17T05:20:21.141685584Z image pull node:20-slim (name=node)
2025-06-17T05:20:21.415322030Z image tag sha256:dc076ba992451e2e2be629caa4aea156f5450f9caacc1146ce9156f8bb833475 (name=aws_beanstalk/staging-app)
2025-06-17T05:20:24.613858210Z container prune  (reclaimed=0)
2025-06-17T05:20:24.764537397Z container create 8703925466b011e92b19541e146ff97ea1fa923f5c6444d2da0715ec26ae54fd (image=dc076ba99245, name=wizardly_euclid)
2025-06-17T05:20:24.788669157Z network connect e46fe69648725226805ff404c7d53657a1dd3c6f3f0447d41959a57afb6b70c7 (container=8703925466b011e92b19541e146ff97ea1fa923f5c6444d2da0715ec26ae54fd, name=bridge, type=bridge)
2025-06-17T05:20:25.136556333Z container start 8703925466b011e92b19541e146ff97ea1fa923f5c6444d2da0715ec26ae54fd (image=dc076ba99245, name=wizardly_euclid)
2025-06-17T05:20:27.045231300Z network disconnect e46fe69648725226805ff404c7d53657a1dd3c6f3f0447d41959a57afb6b70c7 (container=8703925466b011e92b19541e146ff97ea1fa923f5c6444d2da0715ec26ae54fd, name=bridge, type=bridge)
2025-06-17T05:20:27.057849365Z container die 8703925466b011e92b19541e146ff97ea1fa923f5c6444d2da0715ec26ae54fd (execDuration=1, exitCode=1, image=dc076ba99245, name=wizardly_euclid)
2025-06-17T05:35:05.039055967Z container destroy 8703925466b011e92b19541e146ff97ea1fa923f5c6444d2da0715ec26ae54fd (image=dc076ba99245, name=wizardly_euclid)
2025-06-17T05:35:05.039094820Z container prune  (reclaimed=0)
2025-06-17T05:35:05.875019583Z image pull node:20-slim (name=node)
2025-06-17T05:35:06.550132089Z image pull node:20-slim (name=node)
2025-06-17T05:35:06.780240455Z image tag sha256:dc076ba992451e2e2be629caa4aea156f5450f9caacc1146ce9156f8bb833475 (name=aws_beanstalk/staging-app)
2025-06-17T05:35:09.980240956Z container prune  (reclaimed=0)
2025-06-17T05:35:10.102338782Z container create 00b482c39d7a06a6e8ba549d12431a83877e5db42570acfd940d062180f33058 (image=dc076ba99245, name=angry_mendel)
2025-06-17T05:35:10.135177292Z network connect e46fe69648725226805ff404c7d53657a1dd3c6f3f0447d41959a57afb6b70c7 (container=00b482c39d7a06a6e8ba549d12431a83877e5db42570acfd940d062180f33058, name=bridge, type=bridge)
2025-06-17T05:35:10.408009855Z container start 00b482c39d7a06a6e8ba549d12431a83877e5db42570acfd940d062180f33058 (image=dc076ba99245, name=angry_mendel)
2025-06-17T05:35:12.304223635Z network disconnect e46fe69648725226805ff404c7d53657a1dd3c6f3f0447d41959a57afb6b70c7 (container=00b482c39d7a06a6e8ba549d12431a83877e5db42570acfd940d062180f33058, name=bridge, type=bridge)
2025-06-17T05:35:12.316059580Z container die 00b482c39d7a06a6e8ba549d12431a83877e5db42570acfd940d062180f33058 (execDuration=1, exitCode=1, image=dc076ba99245, name=angry_mendel)
2025-06-17T05:50:39.784090081Z container destroy 00b482c39d7a06a6e8ba549d12431a83877e5db42570acfd940d062180f33058 (image=dc076ba99245, name=angry_mendel)
2025-06-17T05:50:39.784117811Z container prune  (reclaimed=0)
2025-06-17T05:50:40.609571750Z image pull node:20-slim (name=node)
2025-06-17T05:50:41.278063702Z image pull node:20-slim (name=node)
2025-06-17T05:50:41.522408403Z image tag sha256:dc076ba992451e2e2be629caa4aea156f5450f9caacc1146ce9156f8bb833475 (name=aws_beanstalk/staging-app)
2025-06-17T05:50:44.700255800Z container prune  (reclaimed=0)
2025-06-17T05:50:44.800347631Z container create 95a04cef1d0a1dc8e2f1e1baf54695dde94d31949db87e077a9f03bee1eeaef2 (image=dc076ba99245, name=romantic_wescoff)
2025-06-17T05:50:44.824048574Z network connect e46fe69648725226805ff404c7d53657a1dd3c6f3f0447d41959a57afb6b70c7 (container=95a04cef1d0a1dc8e2f1e1baf54695dde94d31949db87e077a9f03bee1eeaef2, name=bridge, type=bridge)
2025-06-17T05:50:45.135237524Z container start 95a04cef1d0a1dc8e2f1e1baf54695dde94d31949db87e077a9f03bee1eeaef2 (image=dc076ba99245, name=romantic_wescoff)
2025-06-17T05:50:47.042708902Z network disconnect e46fe69648725226805ff404c7d53657a1dd3c6f3f0447d41959a57afb6b70c7 (container=95a04cef1d0a1dc8e2f1e1baf54695dde94d31949db87e077a9f03bee1eeaef2, name=bridge, type=bridge)
2025-06-17T05:50:47.054409101Z container die 95a04cef1d0a1dc8e2f1e1baf54695dde94d31949db87e077a9f03bee1eeaef2 (execDuration=1, exitCode=1, image=dc076ba99245, name=romantic_wescoff)
