2025-06-17 04:52:02,780 [INFO] -----------------------Starting build-----------------------
2025-06-17 04:52:02,801 [INFO] Running configSets: _OnInstanceBoot
2025-06-17 04:52:02,804 [INFO] Running configSet _OnInstanceBoot
2025-06-17 04:52:02,807 [INFO] Running config AWSEBBaseConfig
2025-06-17 04:52:03,158 [INFO] Command clearbackupfiles succeeded
2025-06-17 04:52:03,162 [INFO] Running config AWSEBCfnHupEndpointOverride
2025-06-17 04:52:03,174 [INFO] Command clearbackupfiles succeeded
2025-06-17 04:52:03,176 [INFO] ConfigSets completed
2025-06-17 04:52:03,176 [INFO] -----------------------Build complete-----------------------
2025-06-17 04:54:08,897 [INFO] -----------------------Starting build-----------------------
2025-06-17 04:54:08,901 [INFO] Running configSets: Infra-EmbeddedPreBuild
2025-06-17 04:54:08,902 [INFO] Running configSet Infra-EmbeddedPreBuild
2025-06-17 04:54:08,903 [INFO] ConfigSets completed
2025-06-17 04:54:08,903 [INFO] -----------------------Build complete-----------------------
2025-06-17 04:55:54,503 [INFO] -----------------------Starting build-----------------------
2025-06-17 04:55:54,508 [INFO] Running configSets: Infra-EmbeddedPostBuild
2025-06-17 04:55:54,510 [INFO] Running configSet Infra-EmbeddedPostBuild
2025-06-17 04:55:54,510 [INFO] ConfigSets completed
2025-06-17 04:55:54,510 [INFO] -----------------------Build complete-----------------------
2025-06-17 05:14:01,639 [INFO] -----------------------Starting build-----------------------
2025-06-17 05:14:01,643 [INFO] Running configSets: Infra-EmbeddedPreBuild
2025-06-17 05:14:01,645 [INFO] Running configSet Infra-EmbeddedPreBuild
2025-06-17 05:14:01,645 [INFO] ConfigSets completed
2025-06-17 05:14:01,646 [INFO] -----------------------Build complete-----------------------
2025-06-17 05:14:06,869 [INFO] -----------------------Starting build-----------------------
2025-06-17 05:14:06,874 [INFO] Running configSets: Infra-EmbeddedPostBuild
2025-06-17 05:14:06,876 [INFO] Running configSet Infra-EmbeddedPostBuild
2025-06-17 05:14:06,877 [INFO] ConfigSets completed
2025-06-17 05:14:06,877 [INFO] -----------------------Build complete-----------------------
2025-06-17 05:18:02,873 [INFO] -----------------------Starting build-----------------------
2025-06-17 05:18:02,878 [INFO] Running configSets: Infra-EmbeddedPreBuild
2025-06-17 05:18:02,879 [INFO] Running configSet Infra-EmbeddedPreBuild
2025-06-17 05:18:02,880 [INFO] ConfigSets completed
2025-06-17 05:18:02,880 [INFO] -----------------------Build complete-----------------------
2025-06-17 05:18:07,601 [INFO] -----------------------Starting build-----------------------
2025-06-17 05:18:07,605 [INFO] Running configSets: Infra-EmbeddedPostBuild
2025-06-17 05:18:07,608 [INFO] Running configSet Infra-EmbeddedPostBuild
2025-06-17 05:18:07,608 [INFO] ConfigSets completed
2025-06-17 05:18:07,608 [INFO] -----------------------Build complete-----------------------
2025-06-17 05:20:19,528 [INFO] -----------------------Starting build-----------------------
2025-06-17 05:20:19,533 [INFO] Running configSets: Infra-EmbeddedPreBuild
2025-06-17 05:20:19,534 [INFO] Running configSet Infra-EmbeddedPreBuild
2025-06-17 05:20:19,534 [INFO] ConfigSets completed
2025-06-17 05:20:19,534 [INFO] -----------------------Build complete-----------------------
2025-06-17 05:20:24,334 [INFO] -----------------------Starting build-----------------------
2025-06-17 05:20:24,338 [INFO] Running configSets: Infra-EmbeddedPostBuild
2025-06-17 05:20:24,341 [INFO] Running configSet Infra-EmbeddedPostBuild
2025-06-17 05:20:24,341 [INFO] ConfigSets completed
2025-06-17 05:20:24,341 [INFO] -----------------------Build complete-----------------------
2025-06-17 05:35:04,947 [INFO] -----------------------Starting build-----------------------
2025-06-17 05:35:04,951 [INFO] Running configSets: Infra-EmbeddedPreBuild
2025-06-17 05:35:04,953 [INFO] Running configSet Infra-EmbeddedPreBuild
2025-06-17 05:35:04,953 [INFO] ConfigSets completed
2025-06-17 05:35:04,953 [INFO] -----------------------Build complete-----------------------
2025-06-17 05:35:09,727 [INFO] -----------------------Starting build-----------------------
2025-06-17 05:35:09,731 [INFO] Running configSets: Infra-EmbeddedPostBuild
2025-06-17 05:35:09,734 [INFO] Running configSet Infra-EmbeddedPostBuild
2025-06-17 05:35:09,734 [INFO] ConfigSets completed
2025-06-17 05:35:09,734 [INFO] -----------------------Build complete-----------------------
