2025-06-17T06:13:02.658456062Z container prune  (reclaimed=0)
2025-06-17T06:13:07.913960364Z image pull node:20-slim (name=node)
2025-06-17T06:13:08.639982573Z image pull node:20-slim (name=node)
2025-06-17T06:14:42.266804184Z image tag sha256:0c7dc932ae0dd43a4948c2c9d77fe9b4c1181da6eb8baee33922843b43443bb6 (name=aws_beanstalk/staging-app)
2025-06-17T06:14:44.795821952Z container create 2dcc4747da0aaa5fb06c023a194ad6feadfd13609cdf673ff366648e2d618230 (image=0c7dc932ae0d, name=goofy_maxwell)
2025-06-17T06:14:44.831133019Z network connect e9d94c37b3862912321b0a6f20e131d8974d19ec68ae62ee2691d1fb1163abb4 (container=2dcc4747da0aaa5fb06c023a194ad6feadfd13609cdf673ff366648e2d618230, name=bridge, type=bridge)
2025-06-17T06:14:45.230032027Z container start 2dcc4747da0aaa5fb06c023a194ad6feadfd13609cdf673ff366648e2d618230 (image=0c7dc932ae0d, name=goofy_maxwell)
2025-06-17T06:14:47.185412935Z network disconnect e9d94c37b3862912321b0a6f20e131d8974d19ec68ae62ee2691d1fb1163abb4 (container=2dcc4747da0aaa5fb06c023a194ad6feadfd13609cdf673ff366648e2d618230, name=bridge, type=bridge)
2025-06-17T06:14:47.198780715Z container die 2dcc4747da0aaa5fb06c023a194ad6feadfd13609cdf673ff366648e2d618230 (execDuration=1, exitCode=1, image=0c7dc932ae0d, name=goofy_maxwell)
2025-06-17T06:21:06.672286616Z container destroy 2dcc4747da0aaa5fb06c023a194ad6feadfd13609cdf673ff366648e2d618230 (image=0c7dc932ae0d, name=goofy_maxwell)
2025-06-17T06:21:06.672314205Z container prune  (reclaimed=0)
2025-06-17T06:21:07.502954029Z image pull node:20-slim (name=node)
2025-06-17T06:21:08.191493778Z image pull node:20-slim (name=node)
2025-06-17T06:21:08.453214998Z image tag sha256:0c7dc932ae0dd43a4948c2c9d77fe9b4c1181da6eb8baee33922843b43443bb6 (name=aws_beanstalk/staging-app)
2025-06-17T06:21:11.670488824Z container prune  (reclaimed=0)
2025-06-17T06:21:11.784596174Z container create 6db7ac64f8e996b7085fa0e39ffe4138f9593bbe254584cea4d75ead446615b4 (image=0c7dc932ae0d, name=compassionate_gauss)
2025-06-17T06:21:11.813930735Z network connect e9d94c37b3862912321b0a6f20e131d8974d19ec68ae62ee2691d1fb1163abb4 (container=6db7ac64f8e996b7085fa0e39ffe4138f9593bbe254584cea4d75ead446615b4, name=bridge, type=bridge)
2025-06-17T06:21:12.077361966Z container start 6db7ac64f8e996b7085fa0e39ffe4138f9593bbe254584cea4d75ead446615b4 (image=0c7dc932ae0d, name=compassionate_gauss)
2025-06-17T06:21:13.987170990Z network disconnect e9d94c37b3862912321b0a6f20e131d8974d19ec68ae62ee2691d1fb1163abb4 (container=6db7ac64f8e996b7085fa0e39ffe4138f9593bbe254584cea4d75ead446615b4, name=bridge, type=bridge)
2025-06-17T06:21:13.999062932Z container die 6db7ac64f8e996b7085fa0e39ffe4138f9593bbe254584cea4d75ead446615b4 (execDuration=1, exitCode=1, image=0c7dc932ae0d, name=compassionate_gauss)
