# Logfile created on 2025-06-17 06:14:43 +0000 by logger.rb/v1.6.6
A, [2025-06-17T06:14:44.339505 #3004]   ANY -- : healthd daemon 1.0.7 initialized
W, [2025-06-17T06:14:44.410403 #3004]  WARN -- : log file "/var/log/nginx/healthd/application.log.2025-06-17-06" does not exist
W, [2025-06-17T06:14:49.412626 #3004]  WARN -- : log file "/var/log/nginx/healthd/application.log.2025-06-17-06" does not exist
W, [2025-06-17T06:14:54.412861 #3004]  WARN -- : log file "/var/log/nginx/healthd/application.log.2025-06-17-06" does not exist
W, [2025-06-17T06:14:59.413109 #3004]  WARN -- : log file "/var/log/nginx/healthd/application.log.2025-06-17-06" does not exist
W, [2025-06-17T06:15:04.413343 #3004]  WARN -- : log file "/var/log/nginx/healthd/application.log.2025-06-17-06" does not exist
W, [2025-06-17T06:15:09.413601 #3004]  WARN -- : log file "/var/log/nginx/healthd/application.log.2025-06-17-06" does not exist
W, [2025-06-17T06:15:14.413834 #3004]  WARN -- : log file "/var/log/nginx/healthd/application.log.2025-06-17-06" does not exist
W, [2025-06-17T06:15:19.414148 #3004]  WARN -- : log file "/var/log/nginx/healthd/application.log.2025-06-17-06" does not exist
W, [2025-06-17T06:15:24.414414 #3004]  WARN -- : log file "/var/log/nginx/healthd/application.log.2025-06-17-06" does not exist
W, [2025-06-17T06:15:29.414666 #3004]  WARN -- : log file "/var/log/nginx/healthd/application.log.2025-06-17-06" does not exist
W, [2025-06-17T06:15:34.414988 #3004]  WARN -- : log file "/var/log/nginx/healthd/application.log.2025-06-17-06" does not exist
W, [2025-06-17T06:15:39.415227 #3004]  WARN -- : log file "/var/log/nginx/healthd/application.log.2025-06-17-06" does not exist
W, [2025-06-17T06:15:44.415467 #3004]  WARN -- : log file "/var/log/nginx/healthd/application.log.2025-06-17-06" does not exist
W, [2025-06-17T06:15:49.415699 #3004]  WARN -- : log file "/var/log/nginx/healthd/application.log.2025-06-17-06" does not exist
W, [2025-06-17T06:15:54.415976 #3004]  WARN -- : log file "/var/log/nginx/healthd/application.log.2025-06-17-06" does not exist
W, [2025-06-17T06:15:59.416217 #3004]  WARN -- : log file "/var/log/nginx/healthd/application.log.2025-06-17-06" does not exist
W, [2025-06-17T06:16:04.416476 #3004]  WARN -- : log file "/var/log/nginx/healthd/application.log.2025-06-17-06" does not exist
W, [2025-06-17T06:16:09.416732 #3004]  WARN -- : log file "/var/log/nginx/healthd/application.log.2025-06-17-06" does not exist
W, [2025-06-17T06:16:14.416984 #3004]  WARN -- : log file "/var/log/nginx/healthd/application.log.2025-06-17-06" does not exist
W, [2025-06-17T06:16:19.417232 #3004]  WARN -- : log file "/var/log/nginx/healthd/application.log.2025-06-17-06" does not exist
W, [2025-06-17T06:16:24.417505 #3004]  WARN -- : log file "/var/log/nginx/healthd/application.log.2025-06-17-06" does not exist
W, [2025-06-17T06:16:29.417730 #3004]  WARN -- : log file "/var/log/nginx/healthd/application.log.2025-06-17-06" does not exist
W, [2025-06-17T06:16:34.417945 #3004]  WARN -- : log file "/var/log/nginx/healthd/application.log.2025-06-17-06" does not exist
W, [2025-06-17T06:16:39.418203 #3004]  WARN -- : log file "/var/log/nginx/healthd/application.log.2025-06-17-06" does not exist
W, [2025-06-17T06:16:44.418433 #3004]  WARN -- : log file "/var/log/nginx/healthd/application.log.2025-06-17-06" does not exist
W, [2025-06-17T06:16:49.418702 #3004]  WARN -- : log file "/var/log/nginx/healthd/application.log.2025-06-17-06" does not exist
W, [2025-06-17T06:16:54.418950 #3004]  WARN -- : log file "/var/log/nginx/healthd/application.log.2025-06-17-06" does not exist
W, [2025-06-17T06:16:59.419234 #3004]  WARN -- : log file "/var/log/nginx/healthd/application.log.2025-06-17-06" does not exist
W, [2025-06-17T06:17:04.419509 #3004]  WARN -- : log file "/var/log/nginx/healthd/application.log.2025-06-17-06" does not exist
W, [2025-06-17T06:17:09.419723 #3004]  WARN -- : log file "/var/log/nginx/healthd/application.log.2025-06-17-06" does not exist
W, [2025-06-17T06:17:14.420020 #3004]  WARN -- : log file "/var/log/nginx/healthd/application.log.2025-06-17-06" does not exist
W, [2025-06-17T06:17:19.420260 #3004]  WARN -- : log file "/var/log/nginx/healthd/application.log.2025-06-17-06" does not exist
W, [2025-06-17T06:17:24.420601 #3004]  WARN -- : log file "/var/log/nginx/healthd/application.log.2025-06-17-06" does not exist
W, [2025-06-17T06:17:29.420865 #3004]  WARN -- : log file "/var/log/nginx/healthd/application.log.2025-06-17-06" does not exist
W, [2025-06-17T06:17:34.421111 #3004]  WARN -- : log file "/var/log/nginx/healthd/application.log.2025-06-17-06" does not exist
W, [2025-06-17T06:17:39.421355 #3004]  WARN -- : log file "/var/log/nginx/healthd/application.log.2025-06-17-06" does not exist
W, [2025-06-17T06:17:44.421599 #3004]  WARN -- : log file "/var/log/nginx/healthd/application.log.2025-06-17-06" does not exist
W, [2025-06-17T06:17:49.421840 #3004]  WARN -- : log file "/var/log/nginx/healthd/application.log.2025-06-17-06" does not exist
W, [2025-06-17T06:17:54.422095 #3004]  WARN -- : log file "/var/log/nginx/healthd/application.log.2025-06-17-06" does not exist
W, [2025-06-17T06:17:59.422338 #3004]  WARN -- : log file "/var/log/nginx/healthd/application.log.2025-06-17-06" does not exist
W, [2025-06-17T06:18:04.422599 #3004]  WARN -- : log file "/var/log/nginx/healthd/application.log.2025-06-17-06" does not exist
W, [2025-06-17T06:18:09.422848 #3004]  WARN -- : log file "/var/log/nginx/healthd/application.log.2025-06-17-06" does not exist
W, [2025-06-17T06:18:14.423087 #3004]  WARN -- : log file "/var/log/nginx/healthd/application.log.2025-06-17-06" does not exist
W, [2025-06-17T06:18:19.423331 #3004]  WARN -- : log file "/var/log/nginx/healthd/application.log.2025-06-17-06" does not exist
W, [2025-06-17T06:18:24.423607 #3004]  WARN -- : log file "/var/log/nginx/healthd/application.log.2025-06-17-06" does not exist
W, [2025-06-17T06:18:29.423866 #3004]  WARN -- : log file "/var/log/nginx/healthd/application.log.2025-06-17-06" does not exist
W, [2025-06-17T06:18:34.424181 #3004]  WARN -- : log file "/var/log/nginx/healthd/application.log.2025-06-17-06" does not exist
W, [2025-06-17T06:18:39.424416 #3004]  WARN -- : log file "/var/log/nginx/healthd/application.log.2025-06-17-06" does not exist
W, [2025-06-17T06:18:44.424667 #3004]  WARN -- : log file "/var/log/nginx/healthd/application.log.2025-06-17-06" does not exist
W, [2025-06-17T06:18:49.424944 #3004]  WARN -- : log file "/var/log/nginx/healthd/application.log.2025-06-17-06" does not exist
W, [2025-06-17T06:18:54.425212 #3004]  WARN -- : log file "/var/log/nginx/healthd/application.log.2025-06-17-06" does not exist
W, [2025-06-17T06:18:59.425471 #3004]  WARN -- : log file "/var/log/nginx/healthd/application.log.2025-06-17-06" does not exist
W, [2025-06-17T06:19:04.425692 #3004]  WARN -- : log file "/var/log/nginx/healthd/application.log.2025-06-17-06" does not exist
W, [2025-06-17T06:19:09.425938 #3004]  WARN -- : log file "/var/log/nginx/healthd/application.log.2025-06-17-06" does not exist
W, [2025-06-17T06:19:14.426191 #3004]  WARN -- : log file "/var/log/nginx/healthd/application.log.2025-06-17-06" does not exist
W, [2025-06-17T06:19:19.426457 #3004]  WARN -- : log file "/var/log/nginx/healthd/application.log.2025-06-17-06" does not exist
W, [2025-06-17T06:19:24.426709 #3004]  WARN -- : log file "/var/log/nginx/healthd/application.log.2025-06-17-06" does not exist
W, [2025-06-17T06:19:29.426943 #3004]  WARN -- : log file "/var/log/nginx/healthd/application.log.2025-06-17-06" does not exist
W, [2025-06-17T06:19:34.427215 #3004]  WARN -- : log file "/var/log/nginx/healthd/application.log.2025-06-17-06" does not exist
W, [2025-06-17T06:19:39.427437 #3004]  WARN -- : log file "/var/log/nginx/healthd/application.log.2025-06-17-06" does not exist
W, [2025-06-17T06:19:44.427672 #3004]  WARN -- : log file "/var/log/nginx/healthd/application.log.2025-06-17-06" does not exist
W, [2025-06-17T06:19:49.427994 #3004]  WARN -- : log file "/var/log/nginx/healthd/application.log.2025-06-17-06" does not exist
W, [2025-06-17T06:19:54.428243 #3004]  WARN -- : log file "/var/log/nginx/healthd/application.log.2025-06-17-06" does not exist
W, [2025-06-17T06:19:59.428519 #3004]  WARN -- : log file "/var/log/nginx/healthd/application.log.2025-06-17-06" does not exist
W, [2025-06-17T06:20:04.428760 #3004]  WARN -- : log file "/var/log/nginx/healthd/application.log.2025-06-17-06" does not exist
W, [2025-06-17T06:20:09.428997 #3004]  WARN -- : log file "/var/log/nginx/healthd/application.log.2025-06-17-06" does not exist
W, [2025-06-17T06:20:14.429255 #3004]  WARN -- : log file "/var/log/nginx/healthd/application.log.2025-06-17-06" does not exist
W, [2025-06-17T06:20:19.429506 #3004]  WARN -- : log file "/var/log/nginx/healthd/application.log.2025-06-17-06" does not exist
W, [2025-06-17T06:20:24.429752 #3004]  WARN -- : log file "/var/log/nginx/healthd/application.log.2025-06-17-06" does not exist
W, [2025-06-17T06:20:29.429979 #3004]  WARN -- : log file "/var/log/nginx/healthd/application.log.2025-06-17-06" does not exist
W, [2025-06-17T06:20:34.430215 #3004]  WARN -- : log file "/var/log/nginx/healthd/application.log.2025-06-17-06" does not exist
W, [2025-06-17T06:20:39.430470 #3004]  WARN -- : log file "/var/log/nginx/healthd/application.log.2025-06-17-06" does not exist
W, [2025-06-17T06:20:44.430731 #3004]  WARN -- : log file "/var/log/nginx/healthd/application.log.2025-06-17-06" does not exist
W, [2025-06-17T06:20:49.430956 #3004]  WARN -- : log file "/var/log/nginx/healthd/application.log.2025-06-17-06" does not exist
W, [2025-06-17T06:20:54.431184 #3004]  WARN -- : log file "/var/log/nginx/healthd/application.log.2025-06-17-06" does not exist
W, [2025-06-17T06:20:59.431438 #3004]  WARN -- : log file "/var/log/nginx/healthd/application.log.2025-06-17-06" does not exist
W, [2025-06-17T06:21:04.431688 #3004]  WARN -- : log file "/var/log/nginx/healthd/application.log.2025-06-17-06" does not exist
F, [2025-06-17T06:21:08.569399 #3004] FATAL -- : /opt/elasticbeanstalk/lib/ruby/lib/ruby/gems/3.4.0/gems/puma-6.6.0/lib/puma/launcher.rb:447:in 'block in Puma::Launcher#setup_signals': SIGTERM (SignalException)
	from /opt/elasticbeanstalk/lib/ruby/lib/ruby/gems/3.4.0/gems/puma-6.6.0/lib/puma/single.rb:63:in 'Thread#join'
	from /opt/elasticbeanstalk/lib/ruby/lib/ruby/gems/3.4.0/gems/puma-6.6.0/lib/puma/single.rb:63:in 'Puma::Single#run'
	from /opt/elasticbeanstalk/lib/ruby/lib/ruby/gems/3.4.0/gems/puma-6.6.0/lib/puma/launcher.rb:203:in 'Puma::Launcher#run'
	from /opt/elasticbeanstalk/lib/ruby/lib/ruby/gems/3.4.0/gems/puma-6.6.0/lib/puma/cli.rb:75:in 'Puma::CLI#run'
	from /opt/elasticbeanstalk/lib/ruby/lib/ruby/gems/3.4.0/gems/healthd-1.0.7/bin/healthd:112:in 'block in <top (required)>'
	from /opt/elasticbeanstalk/lib/ruby/lib/ruby/gems/3.4.0/gems/healthd-1.0.7/bin/healthd:19:in 'Dir.chdir'
	from /opt/elasticbeanstalk/lib/ruby/lib/ruby/gems/3.4.0/gems/healthd-1.0.7/bin/healthd:19:in '<top (required)>'
	from /opt/elasticbeanstalk/lib/ruby/bin/healthd:25:in 'Kernel#load'
	from /opt/elasticbeanstalk/lib/ruby/bin/healthd:25:in '<main>'
A, [2025-06-17T06:21:10.757593 #3762]   ANY -- : healthd daemon 1.0.7 initialized
W, [2025-06-17T06:21:10.825735 #3762]  WARN -- : log file "/var/log/nginx/healthd/application.log.2025-06-17-06" does not exist
W, [2025-06-17T06:21:15.826471 #3762]  WARN -- : log file "/var/log/nginx/healthd/application.log.2025-06-17-06" does not exist
W, [2025-06-17T06:21:20.826779 #3762]  WARN -- : log file "/var/log/nginx/healthd/application.log.2025-06-17-06" does not exist
W, [2025-06-17T06:21:25.827033 #3762]  WARN -- : log file "/var/log/nginx/healthd/application.log.2025-06-17-06" does not exist
W, [2025-06-17T06:21:30.827267 #3762]  WARN -- : log file "/var/log/nginx/healthd/application.log.2025-06-17-06" does not exist
W, [2025-06-17T06:21:35.827515 #3762]  WARN -- : log file "/var/log/nginx/healthd/application.log.2025-06-17-06" does not exist
W, [2025-06-17T06:21:40.827740 #3762]  WARN -- : log file "/var/log/nginx/healthd/application.log.2025-06-17-06" does not exist
W, [2025-06-17T06:21:45.828083 #3762]  WARN -- : log file "/var/log/nginx/healthd/application.log.2025-06-17-06" does not exist
W, [2025-06-17T06:21:50.828337 #3762]  WARN -- : log file "/var/log/nginx/healthd/application.log.2025-06-17-06" does not exist
W, [2025-06-17T06:21:55.828616 #3762]  WARN -- : log file "/var/log/nginx/healthd/application.log.2025-06-17-06" does not exist
W, [2025-06-17T06:22:00.828873 #3762]  WARN -- : log file "/var/log/nginx/healthd/application.log.2025-06-17-06" does not exist
W, [2025-06-17T06:22:05.829222 #3762]  WARN -- : log file "/var/log/nginx/healthd/application.log.2025-06-17-06" does not exist
W, [2025-06-17T06:22:10.829470 #3762]  WARN -- : log file "/var/log/nginx/healthd/application.log.2025-06-17-06" does not exist
W, [2025-06-17T06:22:15.829697 #3762]  WARN -- : log file "/var/log/nginx/healthd/application.log.2025-06-17-06" does not exist
W, [2025-06-17T06:22:20.829931 #3762]  WARN -- : log file "/var/log/nginx/healthd/application.log.2025-06-17-06" does not exist
W, [2025-06-17T06:22:25.830163 #3762]  WARN -- : log file "/var/log/nginx/healthd/application.log.2025-06-17-06" does not exist
W, [2025-06-17T06:22:30.830365 #3762]  WARN -- : log file "/var/log/nginx/healthd/application.log.2025-06-17-06" does not exist
W, [2025-06-17T06:22:35.830637 #3762]  WARN -- : log file "/var/log/nginx/healthd/application.log.2025-06-17-06" does not exist
W, [2025-06-17T06:22:40.830907 #3762]  WARN -- : log file "/var/log/nginx/healthd/application.log.2025-06-17-06" does not exist
W, [2025-06-17T06:22:45.831155 #3762]  WARN -- : log file "/var/log/nginx/healthd/application.log.2025-06-17-06" does not exist
W, [2025-06-17T06:22:50.831410 #3762]  WARN -- : log file "/var/log/nginx/healthd/application.log.2025-06-17-06" does not exist
W, [2025-06-17T06:22:55.831642 #3762]  WARN -- : log file "/var/log/nginx/healthd/application.log.2025-06-17-06" does not exist
W, [2025-06-17T06:23:00.831880 #3762]  WARN -- : log file "/var/log/nginx/healthd/application.log.2025-06-17-06" does not exist
W, [2025-06-17T06:23:05.832228 #3762]  WARN -- : log file "/var/log/nginx/healthd/application.log.2025-06-17-06" does not exist
W, [2025-06-17T06:23:10.832480 #3762]  WARN -- : log file "/var/log/nginx/healthd/application.log.2025-06-17-06" does not exist
W, [2025-06-17T06:23:15.832748 #3762]  WARN -- : log file "/var/log/nginx/healthd/application.log.2025-06-17-06" does not exist
W, [2025-06-17T06:23:20.832969 #3762]  WARN -- : log file "/var/log/nginx/healthd/application.log.2025-06-17-06" does not exist
W, [2025-06-17T06:23:25.833215 #3762]  WARN -- : log file "/var/log/nginx/healthd/application.log.2025-06-17-06" does not exist
W, [2025-06-17T06:23:30.833447 #3762]  WARN -- : log file "/var/log/nginx/healthd/application.log.2025-06-17-06" does not exist
W, [2025-06-17T06:23:35.833662 #3762]  WARN -- : log file "/var/log/nginx/healthd/application.log.2025-06-17-06" does not exist
W, [2025-06-17T06:23:40.833918 #3762]  WARN -- : log file "/var/log/nginx/healthd/application.log.2025-06-17-06" does not exist
W, [2025-06-17T06:23:45.834191 #3762]  WARN -- : log file "/var/log/nginx/healthd/application.log.2025-06-17-06" does not exist
W, [2025-06-17T06:23:50.834449 #3762]  WARN -- : log file "/var/log/nginx/healthd/application.log.2025-06-17-06" does not exist
W, [2025-06-17T06:23:55.834765 #3762]  WARN -- : log file "/var/log/nginx/healthd/application.log.2025-06-17-06" does not exist
W, [2025-06-17T06:24:00.834989 #3762]  WARN -- : log file "/var/log/nginx/healthd/application.log.2025-06-17-06" does not exist
W, [2025-06-17T06:24:05.835233 #3762]  WARN -- : log file "/var/log/nginx/healthd/application.log.2025-06-17-06" does not exist
W, [2025-06-17T06:24:10.835486 #3762]  WARN -- : log file "/var/log/nginx/healthd/application.log.2025-06-17-06" does not exist
W, [2025-06-17T06:24:15.835765 #3762]  WARN -- : log file "/var/log/nginx/healthd/application.log.2025-06-17-06" does not exist
W, [2025-06-17T06:24:20.836090 #3762]  WARN -- : log file "/var/log/nginx/healthd/application.log.2025-06-17-06" does not exist
W, [2025-06-17T06:24:25.836327 #3762]  WARN -- : log file "/var/log/nginx/healthd/application.log.2025-06-17-06" does not exist
W, [2025-06-17T06:24:30.836559 #3762]  WARN -- : log file "/var/log/nginx/healthd/application.log.2025-06-17-06" does not exist
W, [2025-06-17T06:24:35.836781 #3762]  WARN -- : log file "/var/log/nginx/healthd/application.log.2025-06-17-06" does not exist
W, [2025-06-17T06:24:40.837030 #3762]  WARN -- : log file "/var/log/nginx/healthd/application.log.2025-06-17-06" does not exist
W, [2025-06-17T06:24:45.837284 #3762]  WARN -- : log file "/var/log/nginx/healthd/application.log.2025-06-17-06" does not exist
W, [2025-06-17T06:24:50.837547 #3762]  WARN -- : log file "/var/log/nginx/healthd/application.log.2025-06-17-06" does not exist
W, [2025-06-17T06:24:55.837804 #3762]  WARN -- : log file "/var/log/nginx/healthd/application.log.2025-06-17-06" does not exist
W, [2025-06-17T06:25:00.838050 #3762]  WARN -- : log file "/var/log/nginx/healthd/application.log.2025-06-17-06" does not exist
W, [2025-06-17T06:25:05.838299 #3762]  WARN -- : log file "/var/log/nginx/healthd/application.log.2025-06-17-06" does not exist
W, [2025-06-17T06:25:10.838539 #3762]  WARN -- : log file "/var/log/nginx/healthd/application.log.2025-06-17-06" does not exist
W, [2025-06-17T06:25:15.838765 #3762]  WARN -- : log file "/var/log/nginx/healthd/application.log.2025-06-17-06" does not exist
W, [2025-06-17T06:25:20.839040 #3762]  WARN -- : log file "/var/log/nginx/healthd/application.log.2025-06-17-06" does not exist
W, [2025-06-17T06:25:25.839290 #3762]  WARN -- : log file "/var/log/nginx/healthd/application.log.2025-06-17-06" does not exist
W, [2025-06-17T06:25:30.839552 #3762]  WARN -- : log file "/var/log/nginx/healthd/application.log.2025-06-17-06" does not exist
W, [2025-06-17T06:25:35.839775 #3762]  WARN -- : log file "/var/log/nginx/healthd/application.log.2025-06-17-06" does not exist
W, [2025-06-17T06:25:40.840094 #3762]  WARN -- : log file "/var/log/nginx/healthd/application.log.2025-06-17-06" does not exist
W, [2025-06-17T06:25:45.840336 #3762]  WARN -- : log file "/var/log/nginx/healthd/application.log.2025-06-17-06" does not exist
W, [2025-06-17T06:25:50.840605 #3762]  WARN -- : log file "/var/log/nginx/healthd/application.log.2025-06-17-06" does not exist
W, [2025-06-17T06:25:55.840892 #3762]  WARN -- : log file "/var/log/nginx/healthd/application.log.2025-06-17-06" does not exist
W, [2025-06-17T06:26:00.841161 #3762]  WARN -- : log file "/var/log/nginx/healthd/application.log.2025-06-17-06" does not exist
W, [2025-06-17T06:26:05.841394 #3762]  WARN -- : log file "/var/log/nginx/healthd/application.log.2025-06-17-06" does not exist
W, [2025-06-17T06:26:10.841658 #3762]  WARN -- : log file "/var/log/nginx/healthd/application.log.2025-06-17-06" does not exist
W, [2025-06-17T06:26:15.841898 #3762]  WARN -- : log file "/var/log/nginx/healthd/application.log.2025-06-17-06" does not exist
W, [2025-06-17T06:26:20.842159 #3762]  WARN -- : log file "/var/log/nginx/healthd/application.log.2025-06-17-06" does not exist
W, [2025-06-17T06:26:25.842415 #3762]  WARN -- : log file "/var/log/nginx/healthd/application.log.2025-06-17-06" does not exist
W, [2025-06-17T06:26:30.842680 #3762]  WARN -- : log file "/var/log/nginx/healthd/application.log.2025-06-17-06" does not exist
W, [2025-06-17T06:26:35.842905 #3762]  WARN -- : log file "/var/log/nginx/healthd/application.log.2025-06-17-06" does not exist
W, [2025-06-17T06:26:40.843136 #3762]  WARN -- : log file "/var/log/nginx/healthd/application.log.2025-06-17-06" does not exist
W, [2025-06-17T06:26:45.850118 #3762]  WARN -- : log file "/var/log/nginx/healthd/application.log.2025-06-17-06" does not exist
W, [2025-06-17T06:26:50.850367 #3762]  WARN -- : log file "/var/log/nginx/healthd/application.log.2025-06-17-06" does not exist
W, [2025-06-17T06:26:55.850611 #3762]  WARN -- : log file "/var/log/nginx/healthd/application.log.2025-06-17-06" does not exist
W, [2025-06-17T06:27:00.850861 #3762]  WARN -- : log file "/var/log/nginx/healthd/application.log.2025-06-17-06" does not exist
W, [2025-06-17T06:27:05.851108 #3762]  WARN -- : log file "/var/log/nginx/healthd/application.log.2025-06-17-06" does not exist
W, [2025-06-17T06:27:10.851332 #3762]  WARN -- : log file "/var/log/nginx/healthd/application.log.2025-06-17-06" does not exist
W, [2025-06-17T06:27:15.851603 #3762]  WARN -- : log file "/var/log/nginx/healthd/application.log.2025-06-17-06" does not exist
W, [2025-06-17T06:27:20.851861 #3762]  WARN -- : log file "/var/log/nginx/healthd/application.log.2025-06-17-06" does not exist
W, [2025-06-17T06:27:25.852227 #3762]  WARN -- : log file "/var/log/nginx/healthd/application.log.2025-06-17-06" does not exist
W, [2025-06-17T06:27:30.852461 #3762]  WARN -- : log file "/var/log/nginx/healthd/application.log.2025-06-17-06" does not exist
W, [2025-06-17T06:27:35.852709 #3762]  WARN -- : log file "/var/log/nginx/healthd/application.log.2025-06-17-06" does not exist
W, [2025-06-17T06:27:40.852969 #3762]  WARN -- : log file "/var/log/nginx/healthd/application.log.2025-06-17-06" does not exist
W, [2025-06-17T06:27:45.853222 #3762]  WARN -- : log file "/var/log/nginx/healthd/application.log.2025-06-17-06" does not exist
W, [2025-06-17T06:27:50.853488 #3762]  WARN -- : log file "/var/log/nginx/healthd/application.log.2025-06-17-06" does not exist
W, [2025-06-17T06:27:55.853715 #3762]  WARN -- : log file "/var/log/nginx/healthd/application.log.2025-06-17-06" does not exist
W, [2025-06-17T06:28:00.853955 #3762]  WARN -- : log file "/var/log/nginx/healthd/application.log.2025-06-17-06" does not exist
W, [2025-06-17T06:28:05.854204 #3762]  WARN -- : log file "/var/log/nginx/healthd/application.log.2025-06-17-06" does not exist
W, [2025-06-17T06:28:10.854468 #3762]  WARN -- : log file "/var/log/nginx/healthd/application.log.2025-06-17-06" does not exist
W, [2025-06-17T06:28:15.854716 #3762]  WARN -- : log file "/var/log/nginx/healthd/application.log.2025-06-17-06" does not exist
