# Logfile created on 2025-06-17 04:55:53 +0000 by logger.rb/v1.6.6
A, [2025-06-17T04:55:54.053869 #3065]   ANY -- : healthd daemon 1.0.7 initialized
W, [2025-06-17T04:55:54.118000 #3065]  WARN -- : log file "/var/log/nginx/healthd/application.log.2025-06-17-04" does not exist
W, [2025-06-17T04:55:59.119694 #3065]  WARN -- : log file "/var/log/nginx/healthd/application.log.2025-06-17-04" does not exist
W, [2025-06-17T04:56:04.121678 #3065]  WARN -- : log file "/var/log/nginx/healthd/application.log.2025-06-17-04" does not exist
W, [2025-06-17T04:56:09.122803 #3065]  WARN -- : log file "/var/log/nginx/healthd/application.log.2025-06-17-04" does not exist
W, [2025-06-17T04:56:14.123066 #3065]  WARN -- : log file "/var/log/nginx/healthd/application.log.2025-06-17-04" does not exist
W, [2025-06-17T04:56:19.123336 #3065]  WARN -- : log file "/var/log/nginx/healthd/application.log.2025-06-17-04" does not exist
W, [2025-06-17T04:56:24.123600 #3065]  WARN -- : log file "/var/log/nginx/healthd/application.log.2025-06-17-04" does not exist
W, [2025-06-17T04:56:29.123873 #3065]  WARN -- : log file "/var/log/nginx/healthd/application.log.2025-06-17-04" does not exist
W, [2025-06-17T04:56:34.124122 #3065]  WARN -- : log file "/var/log/nginx/healthd/application.log.2025-06-17-04" does not exist
W, [2025-06-17T04:56:39.124374 #3065]  WARN -- : log file "/var/log/nginx/healthd/application.log.2025-06-17-04" does not exist
W, [2025-06-17T04:56:44.124674 #3065]  WARN -- : log file "/var/log/nginx/healthd/application.log.2025-06-17-04" does not exist
W, [2025-06-17T04:56:49.124940 #3065]  WARN -- : log file "/var/log/nginx/healthd/application.log.2025-06-17-04" does not exist
W, [2025-06-17T04:56:54.125209 #3065]  WARN -- : log file "/var/log/nginx/healthd/application.log.2025-06-17-04" does not exist
W, [2025-06-17T04:56:59.125476 #3065]  WARN -- : log file "/var/log/nginx/healthd/application.log.2025-06-17-04" does not exist
W, [2025-06-17T04:57:04.125723 #3065]  WARN -- : log file "/var/log/nginx/healthd/application.log.2025-06-17-04" does not exist
W, [2025-06-17T04:57:09.125942 #3065]  WARN -- : log file "/var/log/nginx/healthd/application.log.2025-06-17-04" does not exist
W, [2025-06-17T04:57:14.126174 #3065]  WARN -- : log file "/var/log/nginx/healthd/application.log.2025-06-17-04" does not exist
W, [2025-06-17T04:57:19.126430 #3065]  WARN -- : log file "/var/log/nginx/healthd/application.log.2025-06-17-04" does not exist
W, [2025-06-17T04:57:24.126678 #3065]  WARN -- : log file "/var/log/nginx/healthd/application.log.2025-06-17-04" does not exist
W, [2025-06-17T04:57:29.126931 #3065]  WARN -- : log file "/var/log/nginx/healthd/application.log.2025-06-17-04" does not exist
W, [2025-06-17T04:57:34.127194 #3065]  WARN -- : log file "/var/log/nginx/healthd/application.log.2025-06-17-04" does not exist
W, [2025-06-17T04:57:39.127450 #3065]  WARN -- : log file "/var/log/nginx/healthd/application.log.2025-06-17-04" does not exist
W, [2025-06-17T04:57:44.127673 #3065]  WARN -- : log file "/var/log/nginx/healthd/application.log.2025-06-17-04" does not exist
W, [2025-06-17T04:57:49.127920 #3065]  WARN -- : log file "/var/log/nginx/healthd/application.log.2025-06-17-04" does not exist
W, [2025-06-17T04:57:54.128161 #3065]  WARN -- : log file "/var/log/nginx/healthd/application.log.2025-06-17-04" does not exist
W, [2025-06-17T04:57:59.128413 #3065]  WARN -- : log file "/var/log/nginx/healthd/application.log.2025-06-17-04" does not exist
W, [2025-06-17T04:58:04.128749 #3065]  WARN -- : log file "/var/log/nginx/healthd/application.log.2025-06-17-04" does not exist
W, [2025-06-17T04:58:09.128986 #3065]  WARN -- : log file "/var/log/nginx/healthd/application.log.2025-06-17-04" does not exist
W, [2025-06-17T04:58:14.129243 #3065]  WARN -- : log file "/var/log/nginx/healthd/application.log.2025-06-17-04" does not exist
W, [2025-06-17T04:58:19.129609 #3065]  WARN -- : log file "/var/log/nginx/healthd/application.log.2025-06-17-04" does not exist
W, [2025-06-17T04:58:24.129830 #3065]  WARN -- : log file "/var/log/nginx/healthd/application.log.2025-06-17-04" does not exist
W, [2025-06-17T04:58:29.130102 #3065]  WARN -- : log file "/var/log/nginx/healthd/application.log.2025-06-17-04" does not exist
W, [2025-06-17T04:58:34.130359 #3065]  WARN -- : log file "/var/log/nginx/healthd/application.log.2025-06-17-04" does not exist
W, [2025-06-17T04:58:39.130608 #3065]  WARN -- : log file "/var/log/nginx/healthd/application.log.2025-06-17-04" does not exist
W, [2025-06-17T04:58:44.130878 #3065]  WARN -- : log file "/var/log/nginx/healthd/application.log.2025-06-17-04" does not exist
W, [2025-06-17T04:58:49.131130 #3065]  WARN -- : log file "/var/log/nginx/healthd/application.log.2025-06-17-04" does not exist
W, [2025-06-17T04:58:54.131377 #3065]  WARN -- : log file "/var/log/nginx/healthd/application.log.2025-06-17-04" does not exist
W, [2025-06-17T04:58:59.131620 #3065]  WARN -- : log file "/var/log/nginx/healthd/application.log.2025-06-17-04" does not exist
W, [2025-06-17T04:59:04.131846 #3065]  WARN -- : log file "/var/log/nginx/healthd/application.log.2025-06-17-04" does not exist
W, [2025-06-17T04:59:09.132107 #3065]  WARN -- : log file "/var/log/nginx/healthd/application.log.2025-06-17-04" does not exist
W, [2025-06-17T04:59:14.132376 #3065]  WARN -- : log file "/var/log/nginx/healthd/application.log.2025-06-17-04" does not exist
W, [2025-06-17T04:59:19.132730 #3065]  WARN -- : log file "/var/log/nginx/healthd/application.log.2025-06-17-04" does not exist
W, [2025-06-17T04:59:24.132991 #3065]  WARN -- : log file "/var/log/nginx/healthd/application.log.2025-06-17-04" does not exist
W, [2025-06-17T04:59:29.133363 #3065]  WARN -- : log file "/var/log/nginx/healthd/application.log.2025-06-17-04" does not exist
W, [2025-06-17T04:59:34.133630 #3065]  WARN -- : log file "/var/log/nginx/healthd/application.log.2025-06-17-04" does not exist
W, [2025-06-17T04:59:39.133850 #3065]  WARN -- : log file "/var/log/nginx/healthd/application.log.2025-06-17-04" does not exist
W, [2025-06-17T04:59:44.134077 #3065]  WARN -- : log file "/var/log/nginx/healthd/application.log.2025-06-17-04" does not exist
W, [2025-06-17T04:59:49.134321 #3065]  WARN -- : log file "/var/log/nginx/healthd/application.log.2025-06-17-04" does not exist
W, [2025-06-17T04:59:54.134588 #3065]  WARN -- : log file "/var/log/nginx/healthd/application.log.2025-06-17-04" does not exist
W, [2025-06-17T04:59:59.134858 #3065]  WARN -- : log file "/var/log/nginx/healthd/application.log.2025-06-17-04" does not exist
W, [2025-06-17T05:00:04.135101 #3065]  WARN -- : log file "/var/log/nginx/healthd/application.log.2025-06-17-05" does not exist
W, [2025-06-17T05:00:09.135353 #3065]  WARN -- : log file "/var/log/nginx/healthd/application.log.2025-06-17-05" does not exist
W, [2025-06-17T05:00:14.135595 #3065]  WARN -- : log file "/var/log/nginx/healthd/application.log.2025-06-17-05" does not exist
W, [2025-06-17T05:00:19.135867 #3065]  WARN -- : log file "/var/log/nginx/healthd/application.log.2025-06-17-05" does not exist
W, [2025-06-17T05:00:24.136115 #3065]  WARN -- : log file "/var/log/nginx/healthd/application.log.2025-06-17-05" does not exist
W, [2025-06-17T05:00:29.136452 #3065]  WARN -- : log file "/var/log/nginx/healthd/application.log.2025-06-17-05" does not exist
W, [2025-06-17T05:00:34.136791 #3065]  WARN -- : log file "/var/log/nginx/healthd/application.log.2025-06-17-05" does not exist
W, [2025-06-17T05:00:39.137081 #3065]  WARN -- : log file "/var/log/nginx/healthd/application.log.2025-06-17-05" does not exist
W, [2025-06-17T05:00:44.137331 #3065]  WARN -- : log file "/var/log/nginx/healthd/application.log.2025-06-17-05" does not exist
W, [2025-06-17T05:00:49.137609 #3065]  WARN -- : log file "/var/log/nginx/healthd/application.log.2025-06-17-05" does not exist
W, [2025-06-17T05:00:54.137873 #3065]  WARN -- : log file "/var/log/nginx/healthd/application.log.2025-06-17-05" does not exist
W, [2025-06-17T05:00:59.138157 #3065]  WARN -- : log file "/var/log/nginx/healthd/application.log.2025-06-17-05" does not exist
W, [2025-06-17T05:01:04.138406 #3065]  WARN -- : log file "/var/log/nginx/healthd/application.log.2025-06-17-05" does not exist
W, [2025-06-17T05:01:09.138683 #3065]  WARN -- : log file "/var/log/nginx/healthd/application.log.2025-06-17-05" does not exist
W, [2025-06-17T05:01:14.138917 #3065]  WARN -- : log file "/var/log/nginx/healthd/application.log.2025-06-17-05" does not exist
W, [2025-06-17T05:01:19.139172 #3065]  WARN -- : log file "/var/log/nginx/healthd/application.log.2025-06-17-05" does not exist
W, [2025-06-17T05:01:24.139431 #3065]  WARN -- : log file "/var/log/nginx/healthd/application.log.2025-06-17-05" does not exist
W, [2025-06-17T05:01:29.139692 #3065]  WARN -- : log file "/var/log/nginx/healthd/application.log.2025-06-17-05" does not exist
W, [2025-06-17T05:01:34.139937 #3065]  WARN -- : log file "/var/log/nginx/healthd/application.log.2025-06-17-05" does not exist
W, [2025-06-17T05:01:39.140179 #3065]  WARN -- : log file "/var/log/nginx/healthd/application.log.2025-06-17-05" does not exist
W, [2025-06-17T05:01:44.140448 #3065]  WARN -- : log file "/var/log/nginx/healthd/application.log.2025-06-17-05" does not exist
W, [2025-06-17T05:01:49.140798 #3065]  WARN -- : log file "/var/log/nginx/healthd/application.log.2025-06-17-05" does not exist
W, [2025-06-17T05:01:54.141063 #3065]  WARN -- : log file "/var/log/nginx/healthd/application.log.2025-06-17-05" does not exist
W, [2025-06-17T05:01:59.141325 #3065]  WARN -- : log file "/var/log/nginx/healthd/application.log.2025-06-17-05" does not exist
W, [2025-06-17T05:02:04.141583 #3065]  WARN -- : log file "/var/log/nginx/healthd/application.log.2025-06-17-05" does not exist
W, [2025-06-17T05:02:09.141859 #3065]  WARN -- : log file "/var/log/nginx/healthd/application.log.2025-06-17-05" does not exist
W, [2025-06-17T05:02:14.142117 #3065]  WARN -- : log file "/var/log/nginx/healthd/application.log.2025-06-17-05" does not exist
W, [2025-06-17T05:02:19.142387 #3065]  WARN -- : log file "/var/log/nginx/healthd/application.log.2025-06-17-05" does not exist
W, [2025-06-17T05:02:24.142650 #3065]  WARN -- : log file "/var/log/nginx/healthd/application.log.2025-06-17-05" does not exist
W, [2025-06-17T05:02:29.142919 #3065]  WARN -- : log file "/var/log/nginx/healthd/application.log.2025-06-17-05" does not exist
W, [2025-06-17T05:02:34.143163 #3065]  WARN -- : log file "/var/log/nginx/healthd/application.log.2025-06-17-05" does not exist
W, [2025-06-17T05:02:39.143426 #3065]  WARN -- : log file "/var/log/nginx/healthd/application.log.2025-06-17-05" does not exist
W, [2025-06-17T05:02:44.143707 #3065]  WARN -- : log file "/var/log/nginx/healthd/application.log.2025-06-17-05" does not exist
W, [2025-06-17T05:02:49.143959 #3065]  WARN -- : log file "/var/log/nginx/healthd/application.log.2025-06-17-05" does not exist
W, [2025-06-17T05:02:54.144195 #3065]  WARN -- : log file "/var/log/nginx/healthd/application.log.2025-06-17-05" does not exist
W, [2025-06-17T05:02:59.144570 #3065]  WARN -- : log file "/var/log/nginx/healthd/application.log.2025-06-17-05" does not exist
W, [2025-06-17T05:03:04.144841 #3065]  WARN -- : log file "/var/log/nginx/healthd/application.log.2025-06-17-05" does not exist
W, [2025-06-17T05:03:09.145112 #3065]  WARN -- : log file "/var/log/nginx/healthd/application.log.2025-06-17-05" does not exist
W, [2025-06-17T05:03:14.145350 #3065]  WARN -- : log file "/var/log/nginx/healthd/application.log.2025-06-17-05" does not exist
W, [2025-06-17T05:03:19.145594 #3065]  WARN -- : log file "/var/log/nginx/healthd/application.log.2025-06-17-05" does not exist
W, [2025-06-17T05:03:24.145862 #3065]  WARN -- : log file "/var/log/nginx/healthd/application.log.2025-06-17-05" does not exist
W, [2025-06-17T05:03:29.146132 #3065]  WARN -- : log file "/var/log/nginx/healthd/application.log.2025-06-17-05" does not exist
W, [2025-06-17T05:03:34.146407 #3065]  WARN -- : log file "/var/log/nginx/healthd/application.log.2025-06-17-05" does not exist
W, [2025-06-17T05:03:39.146679 #3065]  WARN -- : log file "/var/log/nginx/healthd/application.log.2025-06-17-05" does not exist
W, [2025-06-17T05:03:44.146930 #3065]  WARN -- : log file "/var/log/nginx/healthd/application.log.2025-06-17-05" does not exist
W, [2025-06-17T05:03:49.147204 #3065]  WARN -- : log file "/var/log/nginx/healthd/application.log.2025-06-17-05" does not exist
W, [2025-06-17T05:03:54.147476 #3065]  WARN -- : log file "/var/log/nginx/healthd/application.log.2025-06-17-05" does not exist
W, [2025-06-17T05:03:59.147745 #3065]  WARN -- : log file "/var/log/nginx/healthd/application.log.2025-06-17-05" does not exist
W, [2025-06-17T05:04:04.148024 #3065]  WARN -- : log file "/var/log/nginx/healthd/application.log.2025-06-17-05" does not exist
W, [2025-06-17T05:04:09.148250 #3065]  WARN -- : log file "/var/log/nginx/healthd/application.log.2025-06-17-05" does not exist
W, [2025-06-17T05:04:14.148610 #3065]  WARN -- : log file "/var/log/nginx/healthd/application.log.2025-06-17-05" does not exist
W, [2025-06-17T05:04:19.148866 #3065]  WARN -- : log file "/var/log/nginx/healthd/application.log.2025-06-17-05" does not exist
W, [2025-06-17T05:04:24.149135 #3065]  WARN -- : log file "/var/log/nginx/healthd/application.log.2025-06-17-05" does not exist
W, [2025-06-17T05:04:29.149378 #3065]  WARN -- : log file "/var/log/nginx/healthd/application.log.2025-06-17-05" does not exist
W, [2025-06-17T05:04:34.149642 #3065]  WARN -- : log file "/var/log/nginx/healthd/application.log.2025-06-17-05" does not exist
W, [2025-06-17T05:04:39.149888 #3065]  WARN -- : log file "/var/log/nginx/healthd/application.log.2025-06-17-05" does not exist
W, [2025-06-17T05:04:44.150115 #3065]  WARN -- : log file "/var/log/nginx/healthd/application.log.2025-06-17-05" does not exist
W, [2025-06-17T05:04:49.150363 #3065]  WARN -- : log file "/var/log/nginx/healthd/application.log.2025-06-17-05" does not exist
W, [2025-06-17T05:04:54.150656 #3065]  WARN -- : log file "/var/log/nginx/healthd/application.log.2025-06-17-05" does not exist
W, [2025-06-17T05:04:59.150913 #3065]  WARN -- : log file "/var/log/nginx/healthd/application.log.2025-06-17-05" does not exist
W, [2025-06-17T05:05:04.151176 #3065]  WARN -- : log file "/var/log/nginx/healthd/application.log.2025-06-17-05" does not exist
W, [2025-06-17T05:05:09.151445 #3065]  WARN -- : log file "/var/log/nginx/healthd/application.log.2025-06-17-05" does not exist
W, [2025-06-17T05:05:14.151717 #3065]  WARN -- : log file "/var/log/nginx/healthd/application.log.2025-06-17-05" does not exist
W, [2025-06-17T05:05:19.152106 #3065]  WARN -- : log file "/var/log/nginx/healthd/application.log.2025-06-17-05" does not exist
W, [2025-06-17T05:05:24.152327 #3065]  WARN -- : log file "/var/log/nginx/healthd/application.log.2025-06-17-05" does not exist
W, [2025-06-17T05:05:29.152616 #3065]  WARN -- : log file "/var/log/nginx/healthd/application.log.2025-06-17-05" does not exist
W, [2025-06-17T05:05:34.152867 #3065]  WARN -- : log file "/var/log/nginx/healthd/application.log.2025-06-17-05" does not exist
W, [2025-06-17T05:05:39.153093 #3065]  WARN -- : log file "/var/log/nginx/healthd/application.log.2025-06-17-05" does not exist
W, [2025-06-17T05:05:44.153346 #3065]  WARN -- : log file "/var/log/nginx/healthd/application.log.2025-06-17-05" does not exist
W, [2025-06-17T05:05:49.153612 #3065]  WARN -- : log file "/var/log/nginx/healthd/application.log.2025-06-17-05" does not exist
W, [2025-06-17T05:05:54.153874 #3065]  WARN -- : log file "/var/log/nginx/healthd/application.log.2025-06-17-05" does not exist
W, [2025-06-17T05:05:59.154143 #3065]  WARN -- : log file "/var/log/nginx/healthd/application.log.2025-06-17-05" does not exist
W, [2025-06-17T05:06:04.154405 #3065]  WARN -- : log file "/var/log/nginx/healthd/application.log.2025-06-17-05" does not exist
W, [2025-06-17T05:06:09.154637 #3065]  WARN -- : log file "/var/log/nginx/healthd/application.log.2025-06-17-05" does not exist
W, [2025-06-17T05:06:14.154895 #3065]  WARN -- : log file "/var/log/nginx/healthd/application.log.2025-06-17-05" does not exist
W, [2025-06-17T05:06:19.155119 #3065]  WARN -- : log file "/var/log/nginx/healthd/application.log.2025-06-17-05" does not exist
W, [2025-06-17T05:06:24.155348 #3065]  WARN -- : log file "/var/log/nginx/healthd/application.log.2025-06-17-05" does not exist
W, [2025-06-17T05:06:29.155620 #3065]  WARN -- : log file "/var/log/nginx/healthd/application.log.2025-06-17-05" does not exist
W, [2025-06-17T05:06:34.155877 #3065]  WARN -- : log file "/var/log/nginx/healthd/application.log.2025-06-17-05" does not exist
W, [2025-06-17T05:06:39.156135 #3065]  WARN -- : log file "/var/log/nginx/healthd/application.log.2025-06-17-05" does not exist
W, [2025-06-17T05:06:44.156383 #3065]  WARN -- : log file "/var/log/nginx/healthd/application.log.2025-06-17-05" does not exist
W, [2025-06-17T05:06:49.156668 #3065]  WARN -- : log file "/var/log/nginx/healthd/application.log.2025-06-17-05" does not exist
W, [2025-06-17T05:06:54.156932 #3065]  WARN -- : log file "/var/log/nginx/healthd/application.log.2025-06-17-05" does not exist
W, [2025-06-17T05:06:59.157197 #3065]  WARN -- : log file "/var/log/nginx/healthd/application.log.2025-06-17-05" does not exist
W, [2025-06-17T05:07:04.157464 #3065]  WARN -- : log file "/var/log/nginx/healthd/application.log.2025-06-17-05" does not exist
W, [2025-06-17T05:07:09.157733 #3065]  WARN -- : log file "/var/log/nginx/healthd/application.log.2025-06-17-05" does not exist
W, [2025-06-17T05:07:14.158039 #3065]  WARN -- : log file "/var/log/nginx/healthd/application.log.2025-06-17-05" does not exist
W, [2025-06-17T05:07:19.158288 #3065]  WARN -- : log file "/var/log/nginx/healthd/application.log.2025-06-17-05" does not exist
W, [2025-06-17T05:07:24.158549 #3065]  WARN -- : log file "/var/log/nginx/healthd/application.log.2025-06-17-05" does not exist
W, [2025-06-17T05:07:29.158802 #3065]  WARN -- : log file "/var/log/nginx/healthd/application.log.2025-06-17-05" does not exist
W, [2025-06-17T05:07:34.159059 #3065]  WARN -- : log file "/var/log/nginx/healthd/application.log.2025-06-17-05" does not exist
W, [2025-06-17T05:07:39.159304 #3065]  WARN -- : log file "/var/log/nginx/healthd/application.log.2025-06-17-05" does not exist
W, [2025-06-17T05:07:44.159550 #3065]  WARN -- : log file "/var/log/nginx/healthd/application.log.2025-06-17-05" does not exist
W, [2025-06-17T05:07:49.159805 #3065]  WARN -- : log file "/var/log/nginx/healthd/application.log.2025-06-17-05" does not exist
W, [2025-06-17T05:07:54.160056 #3065]  WARN -- : log file "/var/log/nginx/healthd/application.log.2025-06-17-05" does not exist
W, [2025-06-17T05:07:59.160298 #3065]  WARN -- : log file "/var/log/nginx/healthd/application.log.2025-06-17-05" does not exist
W, [2025-06-17T05:08:04.166511 #3065]  WARN -- : log file "/var/log/nginx/healthd/application.log.2025-06-17-05" does not exist
W, [2025-06-17T05:08:09.166782 #3065]  WARN -- : log file "/var/log/nginx/healthd/application.log.2025-06-17-05" does not exist
W, [2025-06-17T05:08:14.167058 #3065]  WARN -- : log file "/var/log/nginx/healthd/application.log.2025-06-17-05" does not exist
W, [2025-06-17T05:08:19.167317 #3065]  WARN -- : log file "/var/log/nginx/healthd/application.log.2025-06-17-05" does not exist
W, [2025-06-17T05:08:24.167598 #3065]  WARN -- : log file "/var/log/nginx/healthd/application.log.2025-06-17-05" does not exist
W, [2025-06-17T05:08:29.167824 #3065]  WARN -- : log file "/var/log/nginx/healthd/application.log.2025-06-17-05" does not exist
W, [2025-06-17T05:08:34.168067 #3065]  WARN -- : log file "/var/log/nginx/healthd/application.log.2025-06-17-05" does not exist
W, [2025-06-17T05:08:39.168309 #3065]  WARN -- : log file "/var/log/nginx/healthd/application.log.2025-06-17-05" does not exist
W, [2025-06-17T05:08:44.168640 #3065]  WARN -- : log file "/var/log/nginx/healthd/application.log.2025-06-17-05" does not exist
W, [2025-06-17T05:08:49.168892 #3065]  WARN -- : log file "/var/log/nginx/healthd/application.log.2025-06-17-05" does not exist
W, [2025-06-17T05:08:54.169167 #3065]  WARN -- : log file "/var/log/nginx/healthd/application.log.2025-06-17-05" does not exist
W, [2025-06-17T05:08:59.169409 #3065]  WARN -- : log file "/var/log/nginx/healthd/application.log.2025-06-17-05" does not exist
W, [2025-06-17T05:09:04.169646 #3065]  WARN -- : log file "/var/log/nginx/healthd/application.log.2025-06-17-05" does not exist
W, [2025-06-17T05:09:09.169919 #3065]  WARN -- : log file "/var/log/nginx/healthd/application.log.2025-06-17-05" does not exist
W, [2025-06-17T05:09:14.170186 #3065]  WARN -- : log file "/var/log/nginx/healthd/application.log.2025-06-17-05" does not exist
W, [2025-06-17T05:09:19.170457 #3065]  WARN -- : log file "/var/log/nginx/healthd/application.log.2025-06-17-05" does not exist
W, [2025-06-17T05:09:24.170742 #3065]  WARN -- : log file "/var/log/nginx/healthd/application.log.2025-06-17-05" does not exist
W, [2025-06-17T05:09:29.170974 #3065]  WARN -- : log file "/var/log/nginx/healthd/application.log.2025-06-17-05" does not exist
W, [2025-06-17T05:09:34.171233 #3065]  WARN -- : log file "/var/log/nginx/healthd/application.log.2025-06-17-05" does not exist
W, [2025-06-17T05:09:39.171507 #3065]  WARN -- : log file "/var/log/nginx/healthd/application.log.2025-06-17-05" does not exist
W, [2025-06-17T05:09:44.171783 #3065]  WARN -- : log file "/var/log/nginx/healthd/application.log.2025-06-17-05" does not exist
W, [2025-06-17T05:09:49.172050 #3065]  WARN -- : log file "/var/log/nginx/healthd/application.log.2025-06-17-05" does not exist
W, [2025-06-17T05:09:54.172325 #3065]  WARN -- : log file "/var/log/nginx/healthd/application.log.2025-06-17-05" does not exist
W, [2025-06-17T05:09:59.172657 #3065]  WARN -- : log file "/var/log/nginx/healthd/application.log.2025-06-17-05" does not exist
W, [2025-06-17T05:10:04.172914 #3065]  WARN -- : log file "/var/log/nginx/healthd/application.log.2025-06-17-05" does not exist
W, [2025-06-17T05:10:09.173150 #3065]  WARN -- : log file "/var/log/nginx/healthd/application.log.2025-06-17-05" does not exist
W, [2025-06-17T05:10:14.173398 #3065]  WARN -- : log file "/var/log/nginx/healthd/application.log.2025-06-17-05" does not exist
W, [2025-06-17T05:10:19.173652 #3065]  WARN -- : log file "/var/log/nginx/healthd/application.log.2025-06-17-05" does not exist
W, [2025-06-17T05:10:24.173916 #3065]  WARN -- : log file "/var/log/nginx/healthd/application.log.2025-06-17-05" does not exist
W, [2025-06-17T05:10:29.174180 #3065]  WARN -- : log file "/var/log/nginx/healthd/application.log.2025-06-17-05" does not exist
W, [2025-06-17T05:10:34.174421 #3065]  WARN -- : log file "/var/log/nginx/healthd/application.log.2025-06-17-05" does not exist
W, [2025-06-17T05:10:39.174665 #3065]  WARN -- : log file "/var/log/nginx/healthd/application.log.2025-06-17-05" does not exist
W, [2025-06-17T05:10:44.174918 #3065]  WARN -- : log file "/var/log/nginx/healthd/application.log.2025-06-17-05" does not exist
W, [2025-06-17T05:10:49.175178 #3065]  WARN -- : log file "/var/log/nginx/healthd/application.log.2025-06-17-05" does not exist
W, [2025-06-17T05:10:54.175440 #3065]  WARN -- : log file "/var/log/nginx/healthd/application.log.2025-06-17-05" does not exist
W, [2025-06-17T05:10:59.175996 #3065]  WARN -- : log file "/var/log/nginx/healthd/application.log.2025-06-17-05" does not exist
W, [2025-06-17T05:11:04.176262 #3065]  WARN -- : log file "/var/log/nginx/healthd/application.log.2025-06-17-05" does not exist
W, [2025-06-17T05:11:09.176597 #3065]  WARN -- : log file "/var/log/nginx/healthd/application.log.2025-06-17-05" does not exist
W, [2025-06-17T05:11:14.176954 #3065]  WARN -- : log file "/var/log/nginx/healthd/application.log.2025-06-17-05" does not exist
W, [2025-06-17T05:11:19.177228 #3065]  WARN -- : log file "/var/log/nginx/healthd/application.log.2025-06-17-05" does not exist
W, [2025-06-17T05:11:24.177488 #3065]  WARN -- : log file "/var/log/nginx/healthd/application.log.2025-06-17-05" does not exist
W, [2025-06-17T05:11:29.177712 #3065]  WARN -- : log file "/var/log/nginx/healthd/application.log.2025-06-17-05" does not exist
W, [2025-06-17T05:11:34.177960 #3065]  WARN -- : log file "/var/log/nginx/healthd/application.log.2025-06-17-05" does not exist
W, [2025-06-17T05:11:39.178203 #3065]  WARN -- : log file "/var/log/nginx/healthd/application.log.2025-06-17-05" does not exist
W, [2025-06-17T05:11:44.178459 #3065]  WARN -- : log file "/var/log/nginx/healthd/application.log.2025-06-17-05" does not exist
W, [2025-06-17T05:11:49.178708 #3065]  WARN -- : log file "/var/log/nginx/healthd/application.log.2025-06-17-05" does not exist
W, [2025-06-17T05:11:54.178980 #3065]  WARN -- : log file "/var/log/nginx/healthd/application.log.2025-06-17-05" does not exist
W, [2025-06-17T05:11:59.179242 #3065]  WARN -- : log file "/var/log/nginx/healthd/application.log.2025-06-17-05" does not exist
W, [2025-06-17T05:12:04.179516 #3065]  WARN -- : log file "/var/log/nginx/healthd/application.log.2025-06-17-05" does not exist
W, [2025-06-17T05:12:09.179788 #3065]  WARN -- : log file "/var/log/nginx/healthd/application.log.2025-06-17-05" does not exist
W, [2025-06-17T05:12:14.180026 #3065]  WARN -- : log file "/var/log/nginx/healthd/application.log.2025-06-17-05" does not exist
W, [2025-06-17T05:12:19.180260 #3065]  WARN -- : log file "/var/log/nginx/healthd/application.log.2025-06-17-05" does not exist
W, [2025-06-17T05:12:24.180572 #3065]  WARN -- : log file "/var/log/nginx/healthd/application.log.2025-06-17-05" does not exist
W, [2025-06-17T05:12:29.180812 #3065]  WARN -- : log file "/var/log/nginx/healthd/application.log.2025-06-17-05" does not exist
W, [2025-06-17T05:12:34.181088 #3065]  WARN -- : log file "/var/log/nginx/healthd/application.log.2025-06-17-05" does not exist
W, [2025-06-17T05:12:39.181348 #3065]  WARN -- : log file "/var/log/nginx/healthd/application.log.2025-06-17-05" does not exist
W, [2025-06-17T05:12:44.181607 #3065]  WARN -- : log file "/var/log/nginx/healthd/application.log.2025-06-17-05" does not exist
W, [2025-06-17T05:12:49.181841 #3065]  WARN -- : log file "/var/log/nginx/healthd/application.log.2025-06-17-05" does not exist
W, [2025-06-17T05:12:54.182082 #3065]  WARN -- : log file "/var/log/nginx/healthd/application.log.2025-06-17-05" does not exist
W, [2025-06-17T05:12:59.182321 #3065]  WARN -- : log file "/var/log/nginx/healthd/application.log.2025-06-17-05" does not exist
W, [2025-06-17T05:13:04.182579 #3065]  WARN -- : log file "/var/log/nginx/healthd/application.log.2025-06-17-05" does not exist
W, [2025-06-17T05:13:09.182846 #3065]  WARN -- : log file "/var/log/nginx/healthd/application.log.2025-06-17-05" does not exist
W, [2025-06-17T05:13:14.183109 #3065]  WARN -- : log file "/var/log/nginx/healthd/application.log.2025-06-17-05" does not exist
W, [2025-06-17T05:13:19.183365 #3065]  WARN -- : log file "/var/log/nginx/healthd/application.log.2025-06-17-05" does not exist
W, [2025-06-17T05:13:24.183642 #3065]  WARN -- : log file "/var/log/nginx/healthd/application.log.2025-06-17-05" does not exist
W, [2025-06-17T05:13:29.183897 #3065]  WARN -- : log file "/var/log/nginx/healthd/application.log.2025-06-17-05" does not exist
W, [2025-06-17T05:13:34.184144 #3065]  WARN -- : log file "/var/log/nginx/healthd/application.log.2025-06-17-05" does not exist
W, [2025-06-17T05:13:39.184370 #3065]  WARN -- : log file "/var/log/nginx/healthd/application.log.2025-06-17-05" does not exist
W, [2025-06-17T05:13:44.184609 #3065]  WARN -- : log file "/var/log/nginx/healthd/application.log.2025-06-17-05" does not exist
W, [2025-06-17T05:13:49.184862 #3065]  WARN -- : log file "/var/log/nginx/healthd/application.log.2025-06-17-05" does not exist
W, [2025-06-17T05:13:54.185140 #3065]  WARN -- : log file "/var/log/nginx/healthd/application.log.2025-06-17-05" does not exist
W, [2025-06-17T05:13:59.185394 #3065]  WARN -- : log file "/var/log/nginx/healthd/application.log.2025-06-17-05" does not exist
F, [2025-06-17T05:14:03.740229 #3065] FATAL -- : /opt/elasticbeanstalk/lib/ruby/lib/ruby/gems/3.4.0/gems/puma-6.6.0/lib/puma/launcher.rb:447:in 'block in Puma::Launcher#setup_signals': SIGTERM (SignalException)
	from /opt/elasticbeanstalk/lib/ruby/lib/ruby/gems/3.4.0/gems/puma-6.6.0/lib/puma/single.rb:63:in 'Thread#join'
	from /opt/elasticbeanstalk/lib/ruby/lib/ruby/gems/3.4.0/gems/puma-6.6.0/lib/puma/single.rb:63:in 'Puma::Single#run'
	from /opt/elasticbeanstalk/lib/ruby/lib/ruby/gems/3.4.0/gems/puma-6.6.0/lib/puma/launcher.rb:203:in 'Puma::Launcher#run'
	from /opt/elasticbeanstalk/lib/ruby/lib/ruby/gems/3.4.0/gems/puma-6.6.0/lib/puma/cli.rb:75:in 'Puma::CLI#run'
	from /opt/elasticbeanstalk/lib/ruby/lib/ruby/gems/3.4.0/gems/healthd-1.0.7/bin/healthd:112:in 'block in <top (required)>'
	from /opt/elasticbeanstalk/lib/ruby/lib/ruby/gems/3.4.0/gems/healthd-1.0.7/bin/healthd:19:in 'Dir.chdir'
	from /opt/elasticbeanstalk/lib/ruby/lib/ruby/gems/3.4.0/gems/healthd-1.0.7/bin/healthd:19:in '<top (required)>'
	from /opt/elasticbeanstalk/lib/ruby/bin/healthd:25:in 'Kernel#load'
	from /opt/elasticbeanstalk/lib/ruby/bin/healthd:25:in '<main>'
A, [2025-06-17T05:14:05.954932 #4385]   ANY -- : healthd daemon 1.0.7 initialized
W, [2025-06-17T05:14:06.017844 #4385]  WARN -- : log file "/var/log/nginx/healthd/application.log.2025-06-17-05" does not exist
W, [2025-06-17T05:14:11.027467 #4385]  WARN -- : log file "/var/log/nginx/healthd/application.log.2025-06-17-05" does not exist
W, [2025-06-17T05:14:16.027716 #4385]  WARN -- : log file "/var/log/nginx/healthd/application.log.2025-06-17-05" does not exist
W, [2025-06-17T05:14:21.027936 #4385]  WARN -- : log file "/var/log/nginx/healthd/application.log.2025-06-17-05" does not exist
W, [2025-06-17T05:14:26.028188 #4385]  WARN -- : log file "/var/log/nginx/healthd/application.log.2025-06-17-05" does not exist
W, [2025-06-17T05:14:31.028364 #4385]  WARN -- : log file "/var/log/nginx/healthd/application.log.2025-06-17-05" does not exist
W, [2025-06-17T05:14:36.028636 #4385]  WARN -- : log file "/var/log/nginx/healthd/application.log.2025-06-17-05" does not exist
W, [2025-06-17T05:14:41.028914 #4385]  WARN -- : log file "/var/log/nginx/healthd/application.log.2025-06-17-05" does not exist
W, [2025-06-17T05:14:46.029150 #4385]  WARN -- : log file "/var/log/nginx/healthd/application.log.2025-06-17-05" does not exist
W, [2025-06-17T05:14:51.029419 #4385]  WARN -- : log file "/var/log/nginx/healthd/application.log.2025-06-17-05" does not exist
W, [2025-06-17T05:14:56.029671 #4385]  WARN -- : log file "/var/log/nginx/healthd/application.log.2025-06-17-05" does not exist
W, [2025-06-17T05:15:01.029916 #4385]  WARN -- : log file "/var/log/nginx/healthd/application.log.2025-06-17-05" does not exist
W, [2025-06-17T05:15:06.030237 #4385]  WARN -- : log file "/var/log/nginx/healthd/application.log.2025-06-17-05" does not exist
W, [2025-06-17T05:15:11.030491 #4385]  WARN -- : log file "/var/log/nginx/healthd/application.log.2025-06-17-05" does not exist
W, [2025-06-17T05:15:16.030803 #4385]  WARN -- : log file "/var/log/nginx/healthd/application.log.2025-06-17-05" does not exist
W, [2025-06-17T05:15:21.031056 #4385]  WARN -- : log file "/var/log/nginx/healthd/application.log.2025-06-17-05" does not exist
W, [2025-06-17T05:15:26.031314 #4385]  WARN -- : log file "/var/log/nginx/healthd/application.log.2025-06-17-05" does not exist
W, [2025-06-17T05:15:31.031572 #4385]  WARN -- : log file "/var/log/nginx/healthd/application.log.2025-06-17-05" does not exist
W, [2025-06-17T05:15:36.031791 #4385]  WARN -- : log file "/var/log/nginx/healthd/application.log.2025-06-17-05" does not exist
W, [2025-06-17T05:15:41.032058 #4385]  WARN -- : log file "/var/log/nginx/healthd/application.log.2025-06-17-05" does not exist
W, [2025-06-17T05:15:46.032329 #4385]  WARN -- : log file "/var/log/nginx/healthd/application.log.2025-06-17-05" does not exist
W, [2025-06-17T05:15:51.032648 #4385]  WARN -- : log file "/var/log/nginx/healthd/application.log.2025-06-17-05" does not exist
W, [2025-06-17T05:15:56.032902 #4385]  WARN -- : log file "/var/log/nginx/healthd/application.log.2025-06-17-05" does not exist
W, [2025-06-17T05:16:01.033142 #4385]  WARN -- : log file "/var/log/nginx/healthd/application.log.2025-06-17-05" does not exist
W, [2025-06-17T05:16:06.033413 #4385]  WARN -- : log file "/var/log/nginx/healthd/application.log.2025-06-17-05" does not exist
W, [2025-06-17T05:16:11.033674 #4385]  WARN -- : log file "/var/log/nginx/healthd/application.log.2025-06-17-05" does not exist
W, [2025-06-17T05:16:16.033928 #4385]  WARN -- : log file "/var/log/nginx/healthd/application.log.2025-06-17-05" does not exist
W, [2025-06-17T05:16:21.034174 #4385]  WARN -- : log file "/var/log/nginx/healthd/application.log.2025-06-17-05" does not exist
W, [2025-06-17T05:16:26.034438 #4385]  WARN -- : log file "/var/log/nginx/healthd/application.log.2025-06-17-05" does not exist
W, [2025-06-17T05:16:31.034665 #4385]  WARN -- : log file "/var/log/nginx/healthd/application.log.2025-06-17-05" does not exist
W, [2025-06-17T05:16:36.034903 #4385]  WARN -- : log file "/var/log/nginx/healthd/application.log.2025-06-17-05" does not exist
W, [2025-06-17T05:16:41.035142 #4385]  WARN -- : log file "/var/log/nginx/healthd/application.log.2025-06-17-05" does not exist
W, [2025-06-17T05:16:46.035392 #4385]  WARN -- : log file "/var/log/nginx/healthd/application.log.2025-06-17-05" does not exist
W, [2025-06-17T05:16:51.035661 #4385]  WARN -- : log file "/var/log/nginx/healthd/application.log.2025-06-17-05" does not exist
W, [2025-06-17T05:16:56.035897 #4385]  WARN -- : log file "/var/log/nginx/healthd/application.log.2025-06-17-05" does not exist
W, [2025-06-17T05:17:01.036149 #4385]  WARN -- : log file "/var/log/nginx/healthd/application.log.2025-06-17-05" does not exist
W, [2025-06-17T05:17:06.036373 #4385]  WARN -- : log file "/var/log/nginx/healthd/application.log.2025-06-17-05" does not exist
W, [2025-06-17T05:17:11.036684 #4385]  WARN -- : log file "/var/log/nginx/healthd/application.log.2025-06-17-05" does not exist
W, [2025-06-17T05:17:16.036935 #4385]  WARN -- : log file "/var/log/nginx/healthd/application.log.2025-06-17-05" does not exist
W, [2025-06-17T05:17:21.037198 #4385]  WARN -- : log file "/var/log/nginx/healthd/application.log.2025-06-17-05" does not exist
W, [2025-06-17T05:17:26.037472 #4385]  WARN -- : log file "/var/log/nginx/healthd/application.log.2025-06-17-05" does not exist
W, [2025-06-17T05:17:31.037729 #4385]  WARN -- : log file "/var/log/nginx/healthd/application.log.2025-06-17-05" does not exist
W, [2025-06-17T05:17:36.038002 #4385]  WARN -- : log file "/var/log/nginx/healthd/application.log.2025-06-17-05" does not exist
W, [2025-06-17T05:17:41.038237 #4385]  WARN -- : log file "/var/log/nginx/healthd/application.log.2025-06-17-05" does not exist
W, [2025-06-17T05:17:46.038491 #4385]  WARN -- : log file "/var/log/nginx/healthd/application.log.2025-06-17-05" does not exist
W, [2025-06-17T05:17:51.038762 #4385]  WARN -- : log file "/var/log/nginx/healthd/application.log.2025-06-17-05" does not exist
W, [2025-06-17T05:17:56.039037 #4385]  WARN -- : log file "/var/log/nginx/healthd/application.log.2025-06-17-05" does not exist
W, [2025-06-17T05:18:01.039300 #4385]  WARN -- : log file "/var/log/nginx/healthd/application.log.2025-06-17-05" does not exist
F, [2025-06-17T05:18:04.833524 #4385] FATAL -- : /opt/elasticbeanstalk/lib/ruby/lib/ruby/gems/3.4.0/gems/puma-6.6.0/lib/puma/launcher.rb:447:in 'block in Puma::Launcher#setup_signals': SIGTERM (SignalException)
	from /opt/elasticbeanstalk/lib/ruby/lib/ruby/gems/3.4.0/gems/puma-6.6.0/lib/puma/single.rb:63:in 'Thread#join'
	from /opt/elasticbeanstalk/lib/ruby/lib/ruby/gems/3.4.0/gems/puma-6.6.0/lib/puma/single.rb:63:in 'Puma::Single#run'
	from /opt/elasticbeanstalk/lib/ruby/lib/ruby/gems/3.4.0/gems/puma-6.6.0/lib/puma/launcher.rb:203:in 'Puma::Launcher#run'
	from /opt/elasticbeanstalk/lib/ruby/lib/ruby/gems/3.4.0/gems/puma-6.6.0/lib/puma/cli.rb:75:in 'Puma::CLI#run'
	from /opt/elasticbeanstalk/lib/ruby/lib/ruby/gems/3.4.0/gems/healthd-1.0.7/bin/healthd:112:in 'block in <top (required)>'
	from /opt/elasticbeanstalk/lib/ruby/lib/ruby/gems/3.4.0/gems/healthd-1.0.7/bin/healthd:19:in 'Dir.chdir'
	from /opt/elasticbeanstalk/lib/ruby/lib/ruby/gems/3.4.0/gems/healthd-1.0.7/bin/healthd:19:in '<top (required)>'
	from /opt/elasticbeanstalk/lib/ruby/bin/healthd:25:in 'Kernel#load'
	from /opt/elasticbeanstalk/lib/ruby/bin/healthd:25:in '<main>'
A, [2025-06-17T05:18:06.712459 #5034]   ANY -- : healthd daemon 1.0.7 initialized
W, [2025-06-17T05:18:06.756501 #5034]  WARN -- : log file "/var/log/nginx/healthd/application.log.2025-06-17-05" does not exist
W, [2025-06-17T05:18:11.763395 #5034]  WARN -- : log file "/var/log/nginx/healthd/application.log.2025-06-17-05" does not exist
W, [2025-06-17T05:18:16.763592 #5034]  WARN -- : log file "/var/log/nginx/healthd/application.log.2025-06-17-05" does not exist
W, [2025-06-17T05:18:21.763839 #5034]  WARN -- : log file "/var/log/nginx/healthd/application.log.2025-06-17-05" does not exist
W, [2025-06-17T05:18:26.764078 #5034]  WARN -- : log file "/var/log/nginx/healthd/application.log.2025-06-17-05" does not exist
W, [2025-06-17T05:18:31.764302 #5034]  WARN -- : log file "/var/log/nginx/healthd/application.log.2025-06-17-05" does not exist
W, [2025-06-17T05:18:36.764627 #5034]  WARN -- : log file "/var/log/nginx/healthd/application.log.2025-06-17-05" does not exist
W, [2025-06-17T05:18:41.764895 #5034]  WARN -- : log file "/var/log/nginx/healthd/application.log.2025-06-17-05" does not exist
W, [2025-06-17T05:18:46.765143 #5034]  WARN -- : log file "/var/log/nginx/healthd/application.log.2025-06-17-05" does not exist
W, [2025-06-17T05:18:51.765373 #5034]  WARN -- : log file "/var/log/nginx/healthd/application.log.2025-06-17-05" does not exist
W, [2025-06-17T05:18:56.765631 #5034]  WARN -- : log file "/var/log/nginx/healthd/application.log.2025-06-17-05" does not exist
W, [2025-06-17T05:19:01.765874 #5034]  WARN -- : log file "/var/log/nginx/healthd/application.log.2025-06-17-05" does not exist
W, [2025-06-17T05:19:06.766110 #5034]  WARN -- : log file "/var/log/nginx/healthd/application.log.2025-06-17-05" does not exist
W, [2025-06-17T05:19:11.766359 #5034]  WARN -- : log file "/var/log/nginx/healthd/application.log.2025-06-17-05" does not exist
W, [2025-06-17T05:19:16.766606 #5034]  WARN -- : log file "/var/log/nginx/healthd/application.log.2025-06-17-05" does not exist
W, [2025-06-17T05:19:21.766815 #5034]  WARN -- : log file "/var/log/nginx/healthd/application.log.2025-06-17-05" does not exist
W, [2025-06-17T05:19:26.767081 #5034]  WARN -- : log file "/var/log/nginx/healthd/application.log.2025-06-17-05" does not exist
W, [2025-06-17T05:19:31.767367 #5034]  WARN -- : log file "/var/log/nginx/healthd/application.log.2025-06-17-05" does not exist
W, [2025-06-17T05:19:36.767614 #5034]  WARN -- : log file "/var/log/nginx/healthd/application.log.2025-06-17-05" does not exist
W, [2025-06-17T05:19:41.767858 #5034]  WARN -- : log file "/var/log/nginx/healthd/application.log.2025-06-17-05" does not exist
W, [2025-06-17T05:19:46.768085 #5034]  WARN -- : log file "/var/log/nginx/healthd/application.log.2025-06-17-05" does not exist
W, [2025-06-17T05:19:51.768312 #5034]  WARN -- : log file "/var/log/nginx/healthd/application.log.2025-06-17-05" does not exist
W, [2025-06-17T05:19:56.768629 #5034]  WARN -- : log file "/var/log/nginx/healthd/application.log.2025-06-17-05" does not exist
W, [2025-06-17T05:20:01.769068 #5034]  WARN -- : log file "/var/log/nginx/healthd/application.log.2025-06-17-05" does not exist
W, [2025-06-17T05:20:06.770109 #5034]  WARN -- : log file "/var/log/nginx/healthd/application.log.2025-06-17-05" does not exist
W, [2025-06-17T05:20:11.770369 #5034]  WARN -- : log file "/var/log/nginx/healthd/application.log.2025-06-17-05" does not exist
W, [2025-06-17T05:20:16.770612 #5034]  WARN -- : log file "/var/log/nginx/healthd/application.log.2025-06-17-05" does not exist
F, [2025-06-17T05:20:21.580245 #5034] FATAL -- : /opt/elasticbeanstalk/lib/ruby/lib/ruby/gems/3.4.0/gems/puma-6.6.0/lib/puma/launcher.rb:447:in 'block in Puma::Launcher#setup_signals': SIGTERM (SignalException)
	from /opt/elasticbeanstalk/lib/ruby/lib/ruby/gems/3.4.0/gems/puma-6.6.0/lib/puma/single.rb:63:in 'Thread#join'
	from /opt/elasticbeanstalk/lib/ruby/lib/ruby/gems/3.4.0/gems/puma-6.6.0/lib/puma/single.rb:63:in 'Puma::Single#run'
	from /opt/elasticbeanstalk/lib/ruby/lib/ruby/gems/3.4.0/gems/puma-6.6.0/lib/puma/launcher.rb:203:in 'Puma::Launcher#run'
	from /opt/elasticbeanstalk/lib/ruby/lib/ruby/gems/3.4.0/gems/puma-6.6.0/lib/puma/cli.rb:75:in 'Puma::CLI#run'
	from /opt/elasticbeanstalk/lib/ruby/lib/ruby/gems/3.4.0/gems/healthd-1.0.7/bin/healthd:112:in 'block in <top (required)>'
	from /opt/elasticbeanstalk/lib/ruby/lib/ruby/gems/3.4.0/gems/healthd-1.0.7/bin/healthd:19:in 'Dir.chdir'
	from /opt/elasticbeanstalk/lib/ruby/lib/ruby/gems/3.4.0/gems/healthd-1.0.7/bin/healthd:19:in '<top (required)>'
	from /opt/elasticbeanstalk/lib/ruby/bin/healthd:25:in 'Kernel#load'
	from /opt/elasticbeanstalk/lib/ruby/bin/healthd:25:in '<main>'
A, [2025-06-17T05:20:23.690223 #5682]   ANY -- : healthd daemon 1.0.7 initialized
W, [2025-06-17T05:20:23.761028 #5682]  WARN -- : log file "/var/log/nginx/healthd/application.log.2025-06-17-05" does not exist
W, [2025-06-17T05:20:28.761584 #5682]  WARN -- : log file "/var/log/nginx/healthd/application.log.2025-06-17-05" does not exist
W, [2025-06-17T05:20:33.761836 #5682]  WARN -- : log file "/var/log/nginx/healthd/application.log.2025-06-17-05" does not exist
W, [2025-06-17T05:20:38.762106 #5682]  WARN -- : log file "/var/log/nginx/healthd/application.log.2025-06-17-05" does not exist
W, [2025-06-17T05:20:43.762347 #5682]  WARN -- : log file "/var/log/nginx/healthd/application.log.2025-06-17-05" does not exist
W, [2025-06-17T05:20:48.762597 #5682]  WARN -- : log file "/var/log/nginx/healthd/application.log.2025-06-17-05" does not exist
W, [2025-06-17T05:20:53.762848 #5682]  WARN -- : log file "/var/log/nginx/healthd/application.log.2025-06-17-05" does not exist
W, [2025-06-17T05:20:58.763122 #5682]  WARN -- : log file "/var/log/nginx/healthd/application.log.2025-06-17-05" does not exist
W, [2025-06-17T05:21:03.763398 #5682]  WARN -- : log file "/var/log/nginx/healthd/application.log.2025-06-17-05" does not exist
W, [2025-06-17T05:21:08.763660 #5682]  WARN -- : log file "/var/log/nginx/healthd/application.log.2025-06-17-05" does not exist
W, [2025-06-17T05:21:13.763900 #5682]  WARN -- : log file "/var/log/nginx/healthd/application.log.2025-06-17-05" does not exist
W, [2025-06-17T05:21:18.764221 #5682]  WARN -- : log file "/var/log/nginx/healthd/application.log.2025-06-17-05" does not exist
W, [2025-06-17T05:21:23.764563 #5682]  WARN -- : log file "/var/log/nginx/healthd/application.log.2025-06-17-05" does not exist
W, [2025-06-17T05:21:28.764831 #5682]  WARN -- : log file "/var/log/nginx/healthd/application.log.2025-06-17-05" does not exist
W, [2025-06-17T05:21:33.765081 #5682]  WARN -- : log file "/var/log/nginx/healthd/application.log.2025-06-17-05" does not exist
W, [2025-06-17T05:21:38.765331 #5682]  WARN -- : log file "/var/log/nginx/healthd/application.log.2025-06-17-05" does not exist
W, [2025-06-17T05:21:43.765594 #5682]  WARN -- : log file "/var/log/nginx/healthd/application.log.2025-06-17-05" does not exist
W, [2025-06-17T05:21:48.765855 #5682]  WARN -- : log file "/var/log/nginx/healthd/application.log.2025-06-17-05" does not exist
W, [2025-06-17T05:21:53.766081 #5682]  WARN -- : log file "/var/log/nginx/healthd/application.log.2025-06-17-05" does not exist
W, [2025-06-17T05:21:58.766312 #5682]  WARN -- : log file "/var/log/nginx/healthd/application.log.2025-06-17-05" does not exist
W, [2025-06-17T05:22:03.766578 #5682]  WARN -- : log file "/var/log/nginx/healthd/application.log.2025-06-17-05" does not exist
W, [2025-06-17T05:22:08.766845 #5682]  WARN -- : log file "/var/log/nginx/healthd/application.log.2025-06-17-05" does not exist
W, [2025-06-17T05:22:13.767099 #5682]  WARN -- : log file "/var/log/nginx/healthd/application.log.2025-06-17-05" does not exist
W, [2025-06-17T05:22:18.767387 #5682]  WARN -- : log file "/var/log/nginx/healthd/application.log.2025-06-17-05" does not exist
W, [2025-06-17T05:22:23.767646 #5682]  WARN -- : log file "/var/log/nginx/healthd/application.log.2025-06-17-05" does not exist
W, [2025-06-17T05:22:28.767900 #5682]  WARN -- : log file "/var/log/nginx/healthd/application.log.2025-06-17-05" does not exist
W, [2025-06-17T05:22:33.768142 #5682]  WARN -- : log file "/var/log/nginx/healthd/application.log.2025-06-17-05" does not exist
W, [2025-06-17T05:22:38.768398 #5682]  WARN -- : log file "/var/log/nginx/healthd/application.log.2025-06-17-05" does not exist
W, [2025-06-17T05:22:43.768708 #5682]  WARN -- : log file "/var/log/nginx/healthd/application.log.2025-06-17-05" does not exist
W, [2025-06-17T05:22:48.768969 #5682]  WARN -- : log file "/var/log/nginx/healthd/application.log.2025-06-17-05" does not exist
W, [2025-06-17T05:22:53.769215 #5682]  WARN -- : log file "/var/log/nginx/healthd/application.log.2025-06-17-05" does not exist
W, [2025-06-17T05:22:58.769485 #5682]  WARN -- : log file "/var/log/nginx/healthd/application.log.2025-06-17-05" does not exist
W, [2025-06-17T05:23:03.769736 #5682]  WARN -- : log file "/var/log/nginx/healthd/application.log.2025-06-17-05" does not exist
W, [2025-06-17T05:23:08.769990 #5682]  WARN -- : log file "/var/log/nginx/healthd/application.log.2025-06-17-05" does not exist
W, [2025-06-17T05:23:13.770244 #5682]  WARN -- : log file "/var/log/nginx/healthd/application.log.2025-06-17-05" does not exist
W, [2025-06-17T05:23:18.770498 #5682]  WARN -- : log file "/var/log/nginx/healthd/application.log.2025-06-17-05" does not exist
W, [2025-06-17T05:23:23.770747 #5682]  WARN -- : log file "/var/log/nginx/healthd/application.log.2025-06-17-05" does not exist
W, [2025-06-17T05:23:28.771037 #5682]  WARN -- : log file "/var/log/nginx/healthd/application.log.2025-06-17-05" does not exist
W, [2025-06-17T05:23:33.771322 #5682]  WARN -- : log file "/var/log/nginx/healthd/application.log.2025-06-17-05" does not exist
W, [2025-06-17T05:23:38.771580 #5682]  WARN -- : log file "/var/log/nginx/healthd/application.log.2025-06-17-05" does not exist
W, [2025-06-17T05:23:43.771845 #5682]  WARN -- : log file "/var/log/nginx/healthd/application.log.2025-06-17-05" does not exist
W, [2025-06-17T05:23:48.772105 #5682]  WARN -- : log file "/var/log/nginx/healthd/application.log.2025-06-17-05" does not exist
W, [2025-06-17T05:23:53.772375 #5682]  WARN -- : log file "/var/log/nginx/healthd/application.log.2025-06-17-05" does not exist
W, [2025-06-17T05:23:58.772692 #5682]  WARN -- : log file "/var/log/nginx/healthd/application.log.2025-06-17-05" does not exist
W, [2025-06-17T05:24:03.772967 #5682]  WARN -- : log file "/var/log/nginx/healthd/application.log.2025-06-17-05" does not exist
W, [2025-06-17T05:24:08.773237 #5682]  WARN -- : log file "/var/log/nginx/healthd/application.log.2025-06-17-05" does not exist
W, [2025-06-17T05:24:13.773498 #5682]  WARN -- : log file "/var/log/nginx/healthd/application.log.2025-06-17-05" does not exist
W, [2025-06-17T05:24:18.773774 #5682]  WARN -- : log file "/var/log/nginx/healthd/application.log.2025-06-17-05" does not exist
W, [2025-06-17T05:24:23.774030 #5682]  WARN -- : log file "/var/log/nginx/healthd/application.log.2025-06-17-05" does not exist
W, [2025-06-17T05:24:28.774302 #5682]  WARN -- : log file "/var/log/nginx/healthd/application.log.2025-06-17-05" does not exist
W, [2025-06-17T05:24:33.774579 #5682]  WARN -- : log file "/var/log/nginx/healthd/application.log.2025-06-17-05" does not exist
W, [2025-06-17T05:24:38.774843 #5682]  WARN -- : log file "/var/log/nginx/healthd/application.log.2025-06-17-05" does not exist
W, [2025-06-17T05:24:43.775091 #5682]  WARN -- : log file "/var/log/nginx/healthd/application.log.2025-06-17-05" does not exist
W, [2025-06-17T05:24:48.775359 #5682]  WARN -- : log file "/var/log/nginx/healthd/application.log.2025-06-17-05" does not exist
W, [2025-06-17T05:24:53.775611 #5682]  WARN -- : log file "/var/log/nginx/healthd/application.log.2025-06-17-05" does not exist
W, [2025-06-17T05:24:58.775863 #5682]  WARN -- : log file "/var/log/nginx/healthd/application.log.2025-06-17-05" does not exist
W, [2025-06-17T05:25:03.776123 #5682]  WARN -- : log file "/var/log/nginx/healthd/application.log.2025-06-17-05" does not exist
W, [2025-06-17T05:25:08.776385 #5682]  WARN -- : log file "/var/log/nginx/healthd/application.log.2025-06-17-05" does not exist
W, [2025-06-17T05:25:13.776686 #5682]  WARN -- : log file "/var/log/nginx/healthd/application.log.2025-06-17-05" does not exist
W, [2025-06-17T05:25:18.776943 #5682]  WARN -- : log file "/var/log/nginx/healthd/application.log.2025-06-17-05" does not exist
W, [2025-06-17T05:25:23.777200 #5682]  WARN -- : log file "/var/log/nginx/healthd/application.log.2025-06-17-05" does not exist
W, [2025-06-17T05:25:28.777461 #5682]  WARN -- : log file "/var/log/nginx/healthd/application.log.2025-06-17-05" does not exist
W, [2025-06-17T05:25:33.777727 #5682]  WARN -- : log file "/var/log/nginx/healthd/application.log.2025-06-17-05" does not exist
W, [2025-06-17T05:25:38.777985 #5682]  WARN -- : log file "/var/log/nginx/healthd/application.log.2025-06-17-05" does not exist
W, [2025-06-17T05:25:43.778278 #5682]  WARN -- : log file "/var/log/nginx/healthd/application.log.2025-06-17-05" does not exist
W, [2025-06-17T05:25:48.778531 #5682]  WARN -- : log file "/var/log/nginx/healthd/application.log.2025-06-17-05" does not exist
W, [2025-06-17T05:25:53.778792 #5682]  WARN -- : log file "/var/log/nginx/healthd/application.log.2025-06-17-05" does not exist
W, [2025-06-17T05:25:58.779032 #5682]  WARN -- : log file "/var/log/nginx/healthd/application.log.2025-06-17-05" does not exist
W, [2025-06-17T05:26:03.779308 #5682]  WARN -- : log file "/var/log/nginx/healthd/application.log.2025-06-17-05" does not exist
W, [2025-06-17T05:26:08.779573 #5682]  WARN -- : log file "/var/log/nginx/healthd/application.log.2025-06-17-05" does not exist
W, [2025-06-17T05:26:13.779829 #5682]  WARN -- : log file "/var/log/nginx/healthd/application.log.2025-06-17-05" does not exist
W, [2025-06-17T05:26:18.780073 #5682]  WARN -- : log file "/var/log/nginx/healthd/application.log.2025-06-17-05" does not exist
W, [2025-06-17T05:26:23.780333 #5682]  WARN -- : log file "/var/log/nginx/healthd/application.log.2025-06-17-05" does not exist
W, [2025-06-17T05:26:28.780699 #5682]  WARN -- : log file "/var/log/nginx/healthd/application.log.2025-06-17-05" does not exist
W, [2025-06-17T05:26:33.780963 #5682]  WARN -- : log file "/var/log/nginx/healthd/application.log.2025-06-17-05" does not exist
W, [2025-06-17T05:26:38.781231 #5682]  WARN -- : log file "/var/log/nginx/healthd/application.log.2025-06-17-05" does not exist
W, [2025-06-17T05:26:43.781488 #5682]  WARN -- : log file "/var/log/nginx/healthd/application.log.2025-06-17-05" does not exist
W, [2025-06-17T05:26:48.781744 #5682]  WARN -- : log file "/var/log/nginx/healthd/application.log.2025-06-17-05" does not exist
W, [2025-06-17T05:26:53.781993 #5682]  WARN -- : log file "/var/log/nginx/healthd/application.log.2025-06-17-05" does not exist
W, [2025-06-17T05:26:58.782238 #5682]  WARN -- : log file "/var/log/nginx/healthd/application.log.2025-06-17-05" does not exist
W, [2025-06-17T05:27:03.782511 #5682]  WARN -- : log file "/var/log/nginx/healthd/application.log.2025-06-17-05" does not exist
W, [2025-06-17T05:27:08.782795 #5682]  WARN -- : log file "/var/log/nginx/healthd/application.log.2025-06-17-05" does not exist
W, [2025-06-17T05:27:13.783050 #5682]  WARN -- : log file "/var/log/nginx/healthd/application.log.2025-06-17-05" does not exist
W, [2025-06-17T05:27:18.783333 #5682]  WARN -- : log file "/var/log/nginx/healthd/application.log.2025-06-17-05" does not exist
W, [2025-06-17T05:27:23.783595 #5682]  WARN -- : log file "/var/log/nginx/healthd/application.log.2025-06-17-05" does not exist
W, [2025-06-17T05:27:28.783864 #5682]  WARN -- : log file "/var/log/nginx/healthd/application.log.2025-06-17-05" does not exist
W, [2025-06-17T05:27:33.784123 #5682]  WARN -- : log file "/var/log/nginx/healthd/application.log.2025-06-17-05" does not exist
W, [2025-06-17T05:27:38.784386 #5682]  WARN -- : log file "/var/log/nginx/healthd/application.log.2025-06-17-05" does not exist
W, [2025-06-17T05:27:43.784713 #5682]  WARN -- : log file "/var/log/nginx/healthd/application.log.2025-06-17-05" does not exist
W, [2025-06-17T05:27:48.784962 #5682]  WARN -- : log file "/var/log/nginx/healthd/application.log.2025-06-17-05" does not exist
W, [2025-06-17T05:27:53.785234 #5682]  WARN -- : log file "/var/log/nginx/healthd/application.log.2025-06-17-05" does not exist
W, [2025-06-17T05:27:58.785513 #5682]  WARN -- : log file "/var/log/nginx/healthd/application.log.2025-06-17-05" does not exist
W, [2025-06-17T05:28:03.785772 #5682]  WARN -- : log file "/var/log/nginx/healthd/application.log.2025-06-17-05" does not exist
W, [2025-06-17T05:28:08.786024 #5682]  WARN -- : log file "/var/log/nginx/healthd/application.log.2025-06-17-05" does not exist
W, [2025-06-17T05:28:13.786315 #5682]  WARN -- : log file "/var/log/nginx/healthd/application.log.2025-06-17-05" does not exist
W, [2025-06-17T05:28:18.786576 #5682]  WARN -- : log file "/var/log/nginx/healthd/application.log.2025-06-17-05" does not exist
W, [2025-06-17T05:28:23.786847 #5682]  WARN -- : log file "/var/log/nginx/healthd/application.log.2025-06-17-05" does not exist
W, [2025-06-17T05:28:28.787110 #5682]  WARN -- : log file "/var/log/nginx/healthd/application.log.2025-06-17-05" does not exist
W, [2025-06-17T05:28:33.787392 #5682]  WARN -- : log file "/var/log/nginx/healthd/application.log.2025-06-17-05" does not exist
W, [2025-06-17T05:28:38.787663 #5682]  WARN -- : log file "/var/log/nginx/healthd/application.log.2025-06-17-05" does not exist
W, [2025-06-17T05:28:43.787923 #5682]  WARN -- : log file "/var/log/nginx/healthd/application.log.2025-06-17-05" does not exist
W, [2025-06-17T05:28:48.788206 #5682]  WARN -- : log file "/var/log/nginx/healthd/application.log.2025-06-17-05" does not exist
W, [2025-06-17T05:28:53.788512 #5682]  WARN -- : log file "/var/log/nginx/healthd/application.log.2025-06-17-05" does not exist
W, [2025-06-17T05:28:58.788749 #5682]  WARN -- : log file "/var/log/nginx/healthd/application.log.2025-06-17-05" does not exist
W, [2025-06-17T05:29:03.788995 #5682]  WARN -- : log file "/var/log/nginx/healthd/application.log.2025-06-17-05" does not exist
W, [2025-06-17T05:29:08.789281 #5682]  WARN -- : log file "/var/log/nginx/healthd/application.log.2025-06-17-05" does not exist
W, [2025-06-17T05:29:13.789543 #5682]  WARN -- : log file "/var/log/nginx/healthd/application.log.2025-06-17-05" does not exist
W, [2025-06-17T05:29:18.789813 #5682]  WARN -- : log file "/var/log/nginx/healthd/application.log.2025-06-17-05" does not exist
W, [2025-06-17T05:29:23.790076 #5682]  WARN -- : log file "/var/log/nginx/healthd/application.log.2025-06-17-05" does not exist
W, [2025-06-17T05:29:28.790326 #5682]  WARN -- : log file "/var/log/nginx/healthd/application.log.2025-06-17-05" does not exist
W, [2025-06-17T05:29:33.790586 #5682]  WARN -- : log file "/var/log/nginx/healthd/application.log.2025-06-17-05" does not exist
W, [2025-06-17T05:29:38.790846 #5682]  WARN -- : log file "/var/log/nginx/healthd/application.log.2025-06-17-05" does not exist
W, [2025-06-17T05:29:43.791106 #5682]  WARN -- : log file "/var/log/nginx/healthd/application.log.2025-06-17-05" does not exist
W, [2025-06-17T05:29:48.791389 #5682]  WARN -- : log file "/var/log/nginx/healthd/application.log.2025-06-17-05" does not exist
W, [2025-06-17T05:29:53.791665 #5682]  WARN -- : log file "/var/log/nginx/healthd/application.log.2025-06-17-05" does not exist
W, [2025-06-17T05:29:58.791935 #5682]  WARN -- : log file "/var/log/nginx/healthd/application.log.2025-06-17-05" does not exist
W, [2025-06-17T05:30:03.792214 #5682]  WARN -- : log file "/var/log/nginx/healthd/application.log.2025-06-17-05" does not exist
W, [2025-06-17T05:30:08.792450 #5682]  WARN -- : log file "/var/log/nginx/healthd/application.log.2025-06-17-05" does not exist
W, [2025-06-17T05:30:13.792835 #5682]  WARN -- : log file "/var/log/nginx/healthd/application.log.2025-06-17-05" does not exist
W, [2025-06-17T05:30:18.793104 #5682]  WARN -- : log file "/var/log/nginx/healthd/application.log.2025-06-17-05" does not exist
W, [2025-06-17T05:30:23.793353 #5682]  WARN -- : log file "/var/log/nginx/healthd/application.log.2025-06-17-05" does not exist
W, [2025-06-17T05:30:28.793633 #5682]  WARN -- : log file "/var/log/nginx/healthd/application.log.2025-06-17-05" does not exist
W, [2025-06-17T05:30:33.793900 #5682]  WARN -- : log file "/var/log/nginx/healthd/application.log.2025-06-17-05" does not exist
W, [2025-06-17T05:30:38.794182 #5682]  WARN -- : log file "/var/log/nginx/healthd/application.log.2025-06-17-05" does not exist
W, [2025-06-17T05:30:43.794449 #5682]  WARN -- : log file "/var/log/nginx/healthd/application.log.2025-06-17-05" does not exist
W, [2025-06-17T05:30:48.794713 #5682]  WARN -- : log file "/var/log/nginx/healthd/application.log.2025-06-17-05" does not exist
W, [2025-06-17T05:30:53.794982 #5682]  WARN -- : log file "/var/log/nginx/healthd/application.log.2025-06-17-05" does not exist
W, [2025-06-17T05:30:58.795245 #5682]  WARN -- : log file "/var/log/nginx/healthd/application.log.2025-06-17-05" does not exist
W, [2025-06-17T05:31:03.795514 #5682]  WARN -- : log file "/var/log/nginx/healthd/application.log.2025-06-17-05" does not exist
W, [2025-06-17T05:31:08.795767 #5682]  WARN -- : log file "/var/log/nginx/healthd/application.log.2025-06-17-05" does not exist
W, [2025-06-17T05:31:13.796022 #5682]  WARN -- : log file "/var/log/nginx/healthd/application.log.2025-06-17-05" does not exist
W, [2025-06-17T05:31:18.796292 #5682]  WARN -- : log file "/var/log/nginx/healthd/application.log.2025-06-17-05" does not exist
W, [2025-06-17T05:31:23.796643 #5682]  WARN -- : log file "/var/log/nginx/healthd/application.log.2025-06-17-05" does not exist
W, [2025-06-17T05:31:28.796967 #5682]  WARN -- : log file "/var/log/nginx/healthd/application.log.2025-06-17-05" does not exist
W, [2025-06-17T05:31:33.797225 #5682]  WARN -- : log file "/var/log/nginx/healthd/application.log.2025-06-17-05" does not exist
W, [2025-06-17T05:31:38.797493 #5682]  WARN -- : log file "/var/log/nginx/healthd/application.log.2025-06-17-05" does not exist
W, [2025-06-17T05:31:43.797744 #5682]  WARN -- : log file "/var/log/nginx/healthd/application.log.2025-06-17-05" does not exist
W, [2025-06-17T05:31:48.798002 #5682]  WARN -- : log file "/var/log/nginx/healthd/application.log.2025-06-17-05" does not exist
W, [2025-06-17T05:31:53.798263 #5682]  WARN -- : log file "/var/log/nginx/healthd/application.log.2025-06-17-05" does not exist
W, [2025-06-17T05:31:58.798515 #5682]  WARN -- : log file "/var/log/nginx/healthd/application.log.2025-06-17-05" does not exist
W, [2025-06-17T05:32:03.798767 #5682]  WARN -- : log file "/var/log/nginx/healthd/application.log.2025-06-17-05" does not exist
W, [2025-06-17T05:32:08.799034 #5682]  WARN -- : log file "/var/log/nginx/healthd/application.log.2025-06-17-05" does not exist
W, [2025-06-17T05:32:13.799306 #5682]  WARN -- : log file "/var/log/nginx/healthd/application.log.2025-06-17-05" does not exist
W, [2025-06-17T05:32:18.799593 #5682]  WARN -- : log file "/var/log/nginx/healthd/application.log.2025-06-17-05" does not exist
W, [2025-06-17T05:32:23.799864 #5682]  WARN -- : log file "/var/log/nginx/healthd/application.log.2025-06-17-05" does not exist
W, [2025-06-17T05:32:28.800135 #5682]  WARN -- : log file "/var/log/nginx/healthd/application.log.2025-06-17-05" does not exist
W, [2025-06-17T05:32:33.800396 #5682]  WARN -- : log file "/var/log/nginx/healthd/application.log.2025-06-17-05" does not exist
W, [2025-06-17T05:32:38.800761 #5682]  WARN -- : log file "/var/log/nginx/healthd/application.log.2025-06-17-05" does not exist
W, [2025-06-17T05:32:43.801044 #5682]  WARN -- : log file "/var/log/nginx/healthd/application.log.2025-06-17-05" does not exist
W, [2025-06-17T05:32:48.801328 #5682]  WARN -- : log file "/var/log/nginx/healthd/application.log.2025-06-17-05" does not exist
W, [2025-06-17T05:32:53.801583 #5682]  WARN -- : log file "/var/log/nginx/healthd/application.log.2025-06-17-05" does not exist
W, [2025-06-17T05:32:58.801843 #5682]  WARN -- : log file "/var/log/nginx/healthd/application.log.2025-06-17-05" does not exist
W, [2025-06-17T05:33:03.802098 #5682]  WARN -- : log file "/var/log/nginx/healthd/application.log.2025-06-17-05" does not exist
W, [2025-06-17T05:33:08.802370 #5682]  WARN -- : log file "/var/log/nginx/healthd/application.log.2025-06-17-05" does not exist
W, [2025-06-17T05:33:13.802618 #5682]  WARN -- : log file "/var/log/nginx/healthd/application.log.2025-06-17-05" does not exist
W, [2025-06-17T05:33:18.802860 #5682]  WARN -- : log file "/var/log/nginx/healthd/application.log.2025-06-17-05" does not exist
W, [2025-06-17T05:33:23.803122 #5682]  WARN -- : log file "/var/log/nginx/healthd/application.log.2025-06-17-05" does not exist
W, [2025-06-17T05:33:28.803402 #5682]  WARN -- : log file "/var/log/nginx/healthd/application.log.2025-06-17-05" does not exist
W, [2025-06-17T05:33:33.803677 #5682]  WARN -- : log file "/var/log/nginx/healthd/application.log.2025-06-17-05" does not exist
W, [2025-06-17T05:33:38.803950 #5682]  WARN -- : log file "/var/log/nginx/healthd/application.log.2025-06-17-05" does not exist
W, [2025-06-17T05:33:43.804205 #5682]  WARN -- : log file "/var/log/nginx/healthd/application.log.2025-06-17-05" does not exist
W, [2025-06-17T05:33:48.804512 #5682]  WARN -- : log file "/var/log/nginx/healthd/application.log.2025-06-17-05" does not exist
W, [2025-06-17T05:33:53.804783 #5682]  WARN -- : log file "/var/log/nginx/healthd/application.log.2025-06-17-05" does not exist
W, [2025-06-17T05:33:58.805038 #5682]  WARN -- : log file "/var/log/nginx/healthd/application.log.2025-06-17-05" does not exist
W, [2025-06-17T05:34:03.805292 #5682]  WARN -- : log file "/var/log/nginx/healthd/application.log.2025-06-17-05" does not exist
W, [2025-06-17T05:34:08.805562 #5682]  WARN -- : log file "/var/log/nginx/healthd/application.log.2025-06-17-05" does not exist
W, [2025-06-17T05:34:13.805815 #5682]  WARN -- : log file "/var/log/nginx/healthd/application.log.2025-06-17-05" does not exist
W, [2025-06-17T05:34:18.806088 #5682]  WARN -- : log file "/var/log/nginx/healthd/application.log.2025-06-17-05" does not exist
W, [2025-06-17T05:34:23.806357 #5682]  WARN -- : log file "/var/log/nginx/healthd/application.log.2025-06-17-05" does not exist
W, [2025-06-17T05:34:28.806635 #5682]  WARN -- : log file "/var/log/nginx/healthd/application.log.2025-06-17-05" does not exist
W, [2025-06-17T05:34:33.806895 #5682]  WARN -- : log file "/var/log/nginx/healthd/application.log.2025-06-17-05" does not exist
W, [2025-06-17T05:34:38.807158 #5682]  WARN -- : log file "/var/log/nginx/healthd/application.log.2025-06-17-05" does not exist
W, [2025-06-17T05:34:43.807442 #5682]  WARN -- : log file "/var/log/nginx/healthd/application.log.2025-06-17-05" does not exist
W, [2025-06-17T05:34:48.807729 #5682]  WARN -- : log file "/var/log/nginx/healthd/application.log.2025-06-17-05" does not exist
W, [2025-06-17T05:34:53.808003 #5682]  WARN -- : log file "/var/log/nginx/healthd/application.log.2025-06-17-05" does not exist
W, [2025-06-17T05:34:58.808273 #5682]  WARN -- : log file "/var/log/nginx/healthd/application.log.2025-06-17-05" does not exist
W, [2025-06-17T05:35:03.808574 #5682]  WARN -- : log file "/var/log/nginx/healthd/application.log.2025-06-17-05" does not exist
F, [2025-06-17T05:35:06.897147 #5682] FATAL -- : /opt/elasticbeanstalk/lib/ruby/lib/ruby/gems/3.4.0/gems/puma-6.6.0/lib/puma/launcher.rb:447:in 'block in Puma::Launcher#setup_signals': SIGTERM (SignalException)
	from /opt/elasticbeanstalk/lib/ruby/lib/ruby/gems/3.4.0/gems/puma-6.6.0/lib/puma/single.rb:63:in 'Thread#join'
	from /opt/elasticbeanstalk/lib/ruby/lib/ruby/gems/3.4.0/gems/puma-6.6.0/lib/puma/single.rb:63:in 'Puma::Single#run'
	from /opt/elasticbeanstalk/lib/ruby/lib/ruby/gems/3.4.0/gems/puma-6.6.0/lib/puma/launcher.rb:203:in 'Puma::Launcher#run'
	from /opt/elasticbeanstalk/lib/ruby/lib/ruby/gems/3.4.0/gems/puma-6.6.0/lib/puma/cli.rb:75:in 'Puma::CLI#run'
	from /opt/elasticbeanstalk/lib/ruby/lib/ruby/gems/3.4.0/gems/healthd-1.0.7/bin/healthd:112:in 'block in <top (required)>'
	from /opt/elasticbeanstalk/lib/ruby/lib/ruby/gems/3.4.0/gems/healthd-1.0.7/bin/healthd:19:in 'Dir.chdir'
	from /opt/elasticbeanstalk/lib/ruby/lib/ruby/gems/3.4.0/gems/healthd-1.0.7/bin/healthd:19:in '<top (required)>'
	from /opt/elasticbeanstalk/lib/ruby/bin/healthd:25:in 'Kernel#load'
	from /opt/elasticbeanstalk/lib/ruby/bin/healthd:25:in '<main>'
A, [2025-06-17T05:35:09.040123 #6761]   ANY -- : healthd daemon 1.0.7 initialized
W, [2025-06-17T05:35:09.099920 #6761]  WARN -- : log file "/var/log/nginx/healthd/application.log.2025-06-17-05" does not exist
W, [2025-06-17T05:35:14.100559 #6761]  WARN -- : log file "/var/log/nginx/healthd/application.log.2025-06-17-05" does not exist
W, [2025-06-17T05:35:19.100785 #6761]  WARN -- : log file "/var/log/nginx/healthd/application.log.2025-06-17-05" does not exist
W, [2025-06-17T05:35:24.101056 #6761]  WARN -- : log file "/var/log/nginx/healthd/application.log.2025-06-17-05" does not exist
W, [2025-06-17T05:35:29.101314 #6761]  WARN -- : log file "/var/log/nginx/healthd/application.log.2025-06-17-05" does not exist
W, [2025-06-17T05:35:34.101574 #6761]  WARN -- : log file "/var/log/nginx/healthd/application.log.2025-06-17-05" does not exist
W, [2025-06-17T05:35:39.101821 #6761]  WARN -- : log file "/var/log/nginx/healthd/application.log.2025-06-17-05" does not exist
W, [2025-06-17T05:35:44.102091 #6761]  WARN -- : log file "/var/log/nginx/healthd/application.log.2025-06-17-05" does not exist
W, [2025-06-17T05:35:49.102352 #6761]  WARN -- : log file "/var/log/nginx/healthd/application.log.2025-06-17-05" does not exist
W, [2025-06-17T05:35:54.102614 #6761]  WARN -- : log file "/var/log/nginx/healthd/application.log.2025-06-17-05" does not exist
W, [2025-06-17T05:35:59.102894 #6761]  WARN -- : log file "/var/log/nginx/healthd/application.log.2025-06-17-05" does not exist
W, [2025-06-17T05:36:04.103165 #6761]  WARN -- : log file "/var/log/nginx/healthd/application.log.2025-06-17-05" does not exist
W, [2025-06-17T05:36:09.103428 #6761]  WARN -- : log file "/var/log/nginx/healthd/application.log.2025-06-17-05" does not exist
W, [2025-06-17T05:36:14.103653 #6761]  WARN -- : log file "/var/log/nginx/healthd/application.log.2025-06-17-05" does not exist
W, [2025-06-17T05:36:19.103909 #6761]  WARN -- : log file "/var/log/nginx/healthd/application.log.2025-06-17-05" does not exist
W, [2025-06-17T05:36:24.104170 #6761]  WARN -- : log file "/var/log/nginx/healthd/application.log.2025-06-17-05" does not exist
W, [2025-06-17T05:36:29.104451 #6761]  WARN -- : log file "/var/log/nginx/healthd/application.log.2025-06-17-05" does not exist
W, [2025-06-17T05:36:34.104804 #6761]  WARN -- : log file "/var/log/nginx/healthd/application.log.2025-06-17-05" does not exist
W, [2025-06-17T05:36:39.105100 #6761]  WARN -- : log file "/var/log/nginx/healthd/application.log.2025-06-17-05" does not exist
W, [2025-06-17T05:36:44.105352 #6761]  WARN -- : log file "/var/log/nginx/healthd/application.log.2025-06-17-05" does not exist
W, [2025-06-17T05:36:49.105611 #6761]  WARN -- : log file "/var/log/nginx/healthd/application.log.2025-06-17-05" does not exist
W, [2025-06-17T05:36:54.105874 #6761]  WARN -- : log file "/var/log/nginx/healthd/application.log.2025-06-17-05" does not exist
W, [2025-06-17T05:36:59.106136 #6761]  WARN -- : log file "/var/log/nginx/healthd/application.log.2025-06-17-05" does not exist
W, [2025-06-17T05:37:04.106394 #6761]  WARN -- : log file "/var/log/nginx/healthd/application.log.2025-06-17-05" does not exist
W, [2025-06-17T05:37:09.106655 #6761]  WARN -- : log file "/var/log/nginx/healthd/application.log.2025-06-17-05" does not exist
W, [2025-06-17T05:37:14.106931 #6761]  WARN -- : log file "/var/log/nginx/healthd/application.log.2025-06-17-05" does not exist
W, [2025-06-17T05:37:19.107187 #6761]  WARN -- : log file "/var/log/nginx/healthd/application.log.2025-06-17-05" does not exist
W, [2025-06-17T05:37:24.107468 #6761]  WARN -- : log file "/var/log/nginx/healthd/application.log.2025-06-17-05" does not exist
W, [2025-06-17T05:37:29.107739 #6761]  WARN -- : log file "/var/log/nginx/healthd/application.log.2025-06-17-05" does not exist
W, [2025-06-17T05:37:34.107986 #6761]  WARN -- : log file "/var/log/nginx/healthd/application.log.2025-06-17-05" does not exist
W, [2025-06-17T05:37:39.108212 #6761]  WARN -- : log file "/var/log/nginx/healthd/application.log.2025-06-17-05" does not exist
W, [2025-06-17T05:37:44.108445 #6761]  WARN -- : log file "/var/log/nginx/healthd/application.log.2025-06-17-05" does not exist
W, [2025-06-17T05:37:49.108758 #6761]  WARN -- : log file "/var/log/nginx/healthd/application.log.2025-06-17-05" does not exist
W, [2025-06-17T05:37:54.109015 #6761]  WARN -- : log file "/var/log/nginx/healthd/application.log.2025-06-17-05" does not exist
W, [2025-06-17T05:37:59.109279 #6761]  WARN -- : log file "/var/log/nginx/healthd/application.log.2025-06-17-05" does not exist
W, [2025-06-17T05:38:04.109566 #6761]  WARN -- : log file "/var/log/nginx/healthd/application.log.2025-06-17-05" does not exist
W, [2025-06-17T05:38:09.109841 #6761]  WARN -- : log file "/var/log/nginx/healthd/application.log.2025-06-17-05" does not exist
W, [2025-06-17T05:38:14.110052 #6761]  WARN -- : log file "/var/log/nginx/healthd/application.log.2025-06-17-05" does not exist
W, [2025-06-17T05:38:19.110302 #6761]  WARN -- : log file "/var/log/nginx/healthd/application.log.2025-06-17-05" does not exist
W, [2025-06-17T05:38:24.110593 #6761]  WARN -- : log file "/var/log/nginx/healthd/application.log.2025-06-17-05" does not exist
W, [2025-06-17T05:38:29.110867 #6761]  WARN -- : log file "/var/log/nginx/healthd/application.log.2025-06-17-05" does not exist
W, [2025-06-17T05:38:34.111110 #6761]  WARN -- : log file "/var/log/nginx/healthd/application.log.2025-06-17-05" does not exist
W, [2025-06-17T05:38:39.111380 #6761]  WARN -- : log file "/var/log/nginx/healthd/application.log.2025-06-17-05" does not exist
W, [2025-06-17T05:38:44.111643 #6761]  WARN -- : log file "/var/log/nginx/healthd/application.log.2025-06-17-05" does not exist
W, [2025-06-17T05:38:49.111896 #6761]  WARN -- : log file "/var/log/nginx/healthd/application.log.2025-06-17-05" does not exist
W, [2025-06-17T05:38:54.112164 #6761]  WARN -- : log file "/var/log/nginx/healthd/application.log.2025-06-17-05" does not exist
W, [2025-06-17T05:38:59.112433 #6761]  WARN -- : log file "/var/log/nginx/healthd/application.log.2025-06-17-05" does not exist
W, [2025-06-17T05:39:04.112788 #6761]  WARN -- : log file "/var/log/nginx/healthd/application.log.2025-06-17-05" does not exist
W, [2025-06-17T05:39:09.112997 #6761]  WARN -- : log file "/var/log/nginx/healthd/application.log.2025-06-17-05" does not exist
W, [2025-06-17T05:39:14.113243 #6761]  WARN -- : log file "/var/log/nginx/healthd/application.log.2025-06-17-05" does not exist
W, [2025-06-17T05:39:19.113500 #6761]  WARN -- : log file "/var/log/nginx/healthd/application.log.2025-06-17-05" does not exist
W, [2025-06-17T05:39:24.113766 #6761]  WARN -- : log file "/var/log/nginx/healthd/application.log.2025-06-17-05" does not exist
W, [2025-06-17T05:39:29.114033 #6761]  WARN -- : log file "/var/log/nginx/healthd/application.log.2025-06-17-05" does not exist
W, [2025-06-17T05:39:34.114300 #6761]  WARN -- : log file "/var/log/nginx/healthd/application.log.2025-06-17-05" does not exist
W, [2025-06-17T05:39:39.114547 #6761]  WARN -- : log file "/var/log/nginx/healthd/application.log.2025-06-17-05" does not exist
W, [2025-06-17T05:39:44.114804 #6761]  WARN -- : log file "/var/log/nginx/healthd/application.log.2025-06-17-05" does not exist
W, [2025-06-17T05:39:49.115071 #6761]  WARN -- : log file "/var/log/nginx/healthd/application.log.2025-06-17-05" does not exist
W, [2025-06-17T05:39:54.115325 #6761]  WARN -- : log file "/var/log/nginx/healthd/application.log.2025-06-17-05" does not exist
W, [2025-06-17T05:39:59.115579 #6761]  WARN -- : log file "/var/log/nginx/healthd/application.log.2025-06-17-05" does not exist
W, [2025-06-17T05:40:04.115835 #6761]  WARN -- : log file "/var/log/nginx/healthd/application.log.2025-06-17-05" does not exist
W, [2025-06-17T05:40:09.116080 #6761]  WARN -- : log file "/var/log/nginx/healthd/application.log.2025-06-17-05" does not exist
W, [2025-06-17T05:40:14.116299 #6761]  WARN -- : log file "/var/log/nginx/healthd/application.log.2025-06-17-05" does not exist
W, [2025-06-17T05:40:19.116634 #6761]  WARN -- : log file "/var/log/nginx/healthd/application.log.2025-06-17-05" does not exist
W, [2025-06-17T05:40:24.116901 #6761]  WARN -- : log file "/var/log/nginx/healthd/application.log.2025-06-17-05" does not exist
W, [2025-06-17T05:40:29.117165 #6761]  WARN -- : log file "/var/log/nginx/healthd/application.log.2025-06-17-05" does not exist
W, [2025-06-17T05:40:34.117457 #6761]  WARN -- : log file "/var/log/nginx/healthd/application.log.2025-06-17-05" does not exist
W, [2025-06-17T05:40:39.117720 #6761]  WARN -- : log file "/var/log/nginx/healthd/application.log.2025-06-17-05" does not exist
W, [2025-06-17T05:40:44.117995 #6761]  WARN -- : log file "/var/log/nginx/healthd/application.log.2025-06-17-05" does not exist
W, [2025-06-17T05:40:49.118255 #6761]  WARN -- : log file "/var/log/nginx/healthd/application.log.2025-06-17-05" does not exist
W, [2025-06-17T05:40:54.118524 #6761]  WARN -- : log file "/var/log/nginx/healthd/application.log.2025-06-17-05" does not exist
W, [2025-06-17T05:40:59.118757 #6761]  WARN -- : log file "/var/log/nginx/healthd/application.log.2025-06-17-05" does not exist
W, [2025-06-17T05:41:04.119023 #6761]  WARN -- : log file "/var/log/nginx/healthd/application.log.2025-06-17-05" does not exist
W, [2025-06-17T05:41:09.119280 #6761]  WARN -- : log file "/var/log/nginx/healthd/application.log.2025-06-17-05" does not exist
W, [2025-06-17T05:41:14.119534 #6761]  WARN -- : log file "/var/log/nginx/healthd/application.log.2025-06-17-05" does not exist
W, [2025-06-17T05:41:19.119813 #6761]  WARN -- : log file "/var/log/nginx/healthd/application.log.2025-06-17-05" does not exist
W, [2025-06-17T05:41:24.120068 #6761]  WARN -- : log file "/var/log/nginx/healthd/application.log.2025-06-17-05" does not exist
W, [2025-06-17T05:41:29.120328 #6761]  WARN -- : log file "/var/log/nginx/healthd/application.log.2025-06-17-05" does not exist
W, [2025-06-17T05:41:34.120614 #6761]  WARN -- : log file "/var/log/nginx/healthd/application.log.2025-06-17-05" does not exist
W, [2025-06-17T05:41:39.120864 #6761]  WARN -- : log file "/var/log/nginx/healthd/application.log.2025-06-17-05" does not exist
W, [2025-06-17T05:41:44.121118 #6761]  WARN -- : log file "/var/log/nginx/healthd/application.log.2025-06-17-05" does not exist
W, [2025-06-17T05:41:49.121387 #6761]  WARN -- : log file "/var/log/nginx/healthd/application.log.2025-06-17-05" does not exist
W, [2025-06-17T05:41:54.121658 #6761]  WARN -- : log file "/var/log/nginx/healthd/application.log.2025-06-17-05" does not exist
W, [2025-06-17T05:41:59.121927 #6761]  WARN -- : log file "/var/log/nginx/healthd/application.log.2025-06-17-05" does not exist
W, [2025-06-17T05:42:04.122206 #6761]  WARN -- : log file "/var/log/nginx/healthd/application.log.2025-06-17-05" does not exist
W, [2025-06-17T05:42:09.122474 #6761]  WARN -- : log file "/var/log/nginx/healthd/application.log.2025-06-17-05" does not exist
W, [2025-06-17T05:42:14.122723 #6761]  WARN -- : log file "/var/log/nginx/healthd/application.log.2025-06-17-05" does not exist
W, [2025-06-17T05:42:19.122978 #6761]  WARN -- : log file "/var/log/nginx/healthd/application.log.2025-06-17-05" does not exist
W, [2025-06-17T05:42:24.123250 #6761]  WARN -- : log file "/var/log/nginx/healthd/application.log.2025-06-17-05" does not exist
W, [2025-06-17T05:42:29.123506 #6761]  WARN -- : log file "/var/log/nginx/healthd/application.log.2025-06-17-05" does not exist
W, [2025-06-17T05:42:34.123775 #6761]  WARN -- : log file "/var/log/nginx/healthd/application.log.2025-06-17-05" does not exist
W, [2025-06-17T05:42:39.124041 #6761]  WARN -- : log file "/var/log/nginx/healthd/application.log.2025-06-17-05" does not exist
W, [2025-06-17T05:42:44.124297 #6761]  WARN -- : log file "/var/log/nginx/healthd/application.log.2025-06-17-05" does not exist
W, [2025-06-17T05:42:49.124634 #6761]  WARN -- : log file "/var/log/nginx/healthd/application.log.2025-06-17-05" does not exist
W, [2025-06-17T05:42:54.124897 #6761]  WARN -- : log file "/var/log/nginx/healthd/application.log.2025-06-17-05" does not exist
W, [2025-06-17T05:42:59.125163 #6761]  WARN -- : log file "/var/log/nginx/healthd/application.log.2025-06-17-05" does not exist
W, [2025-06-17T05:43:04.125415 #6761]  WARN -- : log file "/var/log/nginx/healthd/application.log.2025-06-17-05" does not exist
W, [2025-06-17T05:43:09.125672 #6761]  WARN -- : log file "/var/log/nginx/healthd/application.log.2025-06-17-05" does not exist
W, [2025-06-17T05:43:14.125928 #6761]  WARN -- : log file "/var/log/nginx/healthd/application.log.2025-06-17-05" does not exist
W, [2025-06-17T05:43:19.126212 #6761]  WARN -- : log file "/var/log/nginx/healthd/application.log.2025-06-17-05" does not exist
W, [2025-06-17T05:43:24.126472 #6761]  WARN -- : log file "/var/log/nginx/healthd/application.log.2025-06-17-05" does not exist
W, [2025-06-17T05:43:29.126753 #6761]  WARN -- : log file "/var/log/nginx/healthd/application.log.2025-06-17-05" does not exist
W, [2025-06-17T05:43:34.127016 #6761]  WARN -- : log file "/var/log/nginx/healthd/application.log.2025-06-17-05" does not exist
W, [2025-06-17T05:43:39.127277 #6761]  WARN -- : log file "/var/log/nginx/healthd/application.log.2025-06-17-05" does not exist
W, [2025-06-17T05:43:44.127550 #6761]  WARN -- : log file "/var/log/nginx/healthd/application.log.2025-06-17-05" does not exist
W, [2025-06-17T05:43:49.127780 #6761]  WARN -- : log file "/var/log/nginx/healthd/application.log.2025-06-17-05" does not exist
W, [2025-06-17T05:43:54.128042 #6761]  WARN -- : log file "/var/log/nginx/healthd/application.log.2025-06-17-05" does not exist
W, [2025-06-17T05:43:59.128307 #6761]  WARN -- : log file "/var/log/nginx/healthd/application.log.2025-06-17-05" does not exist
W, [2025-06-17T05:44:04.128695 #6761]  WARN -- : log file "/var/log/nginx/healthd/application.log.2025-06-17-05" does not exist
W, [2025-06-17T05:44:09.128946 #6761]  WARN -- : log file "/var/log/nginx/healthd/application.log.2025-06-17-05" does not exist
W, [2025-06-17T05:44:14.129190 #6761]  WARN -- : log file "/var/log/nginx/healthd/application.log.2025-06-17-05" does not exist
W, [2025-06-17T05:44:19.129438 #6761]  WARN -- : log file "/var/log/nginx/healthd/application.log.2025-06-17-05" does not exist
W, [2025-06-17T05:44:24.129701 #6761]  WARN -- : log file "/var/log/nginx/healthd/application.log.2025-06-17-05" does not exist
W, [2025-06-17T05:44:29.129983 #6761]  WARN -- : log file "/var/log/nginx/healthd/application.log.2025-06-17-05" does not exist
W, [2025-06-17T05:44:34.130248 #6761]  WARN -- : log file "/var/log/nginx/healthd/application.log.2025-06-17-05" does not exist
W, [2025-06-17T05:44:39.130511 #6761]  WARN -- : log file "/var/log/nginx/healthd/application.log.2025-06-17-05" does not exist
W, [2025-06-17T05:44:44.130763 #6761]  WARN -- : log file "/var/log/nginx/healthd/application.log.2025-06-17-05" does not exist
W, [2025-06-17T05:44:49.131001 #6761]  WARN -- : log file "/var/log/nginx/healthd/application.log.2025-06-17-05" does not exist
W, [2025-06-17T05:44:54.131267 #6761]  WARN -- : log file "/var/log/nginx/healthd/application.log.2025-06-17-05" does not exist
W, [2025-06-17T05:44:59.131533 #6761]  WARN -- : log file "/var/log/nginx/healthd/application.log.2025-06-17-05" does not exist
W, [2025-06-17T05:45:04.131812 #6761]  WARN -- : log file "/var/log/nginx/healthd/application.log.2025-06-17-05" does not exist
W, [2025-06-17T05:45:09.132069 #6761]  WARN -- : log file "/var/log/nginx/healthd/application.log.2025-06-17-05" does not exist
W, [2025-06-17T05:45:14.132317 #6761]  WARN -- : log file "/var/log/nginx/healthd/application.log.2025-06-17-05" does not exist
W, [2025-06-17T05:45:19.132639 #6761]  WARN -- : log file "/var/log/nginx/healthd/application.log.2025-06-17-05" does not exist
W, [2025-06-17T05:45:24.132911 #6761]  WARN -- : log file "/var/log/nginx/healthd/application.log.2025-06-17-05" does not exist
W, [2025-06-17T05:45:29.133172 #6761]  WARN -- : log file "/var/log/nginx/healthd/application.log.2025-06-17-05" does not exist
W, [2025-06-17T05:45:34.133440 #6761]  WARN -- : log file "/var/log/nginx/healthd/application.log.2025-06-17-05" does not exist
W, [2025-06-17T05:45:39.133703 #6761]  WARN -- : log file "/var/log/nginx/healthd/application.log.2025-06-17-05" does not exist
W, [2025-06-17T05:45:44.133966 #6761]  WARN -- : log file "/var/log/nginx/healthd/application.log.2025-06-17-05" does not exist
W, [2025-06-17T05:45:49.134222 #6761]  WARN -- : log file "/var/log/nginx/healthd/application.log.2025-06-17-05" does not exist
W, [2025-06-17T05:45:54.134474 #6761]  WARN -- : log file "/var/log/nginx/healthd/application.log.2025-06-17-05" does not exist
W, [2025-06-17T05:45:59.134728 #6761]  WARN -- : log file "/var/log/nginx/healthd/application.log.2025-06-17-05" does not exist
W, [2025-06-17T05:46:04.135015 #6761]  WARN -- : log file "/var/log/nginx/healthd/application.log.2025-06-17-05" does not exist
W, [2025-06-17T05:46:09.135272 #6761]  WARN -- : log file "/var/log/nginx/healthd/application.log.2025-06-17-05" does not exist
W, [2025-06-17T05:46:14.135525 #6761]  WARN -- : log file "/var/log/nginx/healthd/application.log.2025-06-17-05" does not exist
W, [2025-06-17T05:46:19.135789 #6761]  WARN -- : log file "/var/log/nginx/healthd/application.log.2025-06-17-05" does not exist
W, [2025-06-17T05:46:24.136021 #6761]  WARN -- : log file "/var/log/nginx/healthd/application.log.2025-06-17-05" does not exist
W, [2025-06-17T05:46:29.136283 #6761]  WARN -- : log file "/var/log/nginx/healthd/application.log.2025-06-17-05" does not exist
W, [2025-06-17T05:46:34.136544 #6761]  WARN -- : log file "/var/log/nginx/healthd/application.log.2025-06-17-05" does not exist
W, [2025-06-17T05:46:39.136807 #6761]  WARN -- : log file "/var/log/nginx/healthd/application.log.2025-06-17-05" does not exist
W, [2025-06-17T05:46:44.137074 #6761]  WARN -- : log file "/var/log/nginx/healthd/application.log.2025-06-17-05" does not exist
W, [2025-06-17T05:46:49.137363 #6761]  WARN -- : log file "/var/log/nginx/healthd/application.log.2025-06-17-05" does not exist
W, [2025-06-17T05:46:54.137633 #6761]  WARN -- : log file "/var/log/nginx/healthd/application.log.2025-06-17-05" does not exist
W, [2025-06-17T05:46:59.137915 #6761]  WARN -- : log file "/var/log/nginx/healthd/application.log.2025-06-17-05" does not exist
W, [2025-06-17T05:47:04.138190 #6761]  WARN -- : log file "/var/log/nginx/healthd/application.log.2025-06-17-05" does not exist
W, [2025-06-17T05:47:09.138453 #6761]  WARN -- : log file "/var/log/nginx/healthd/application.log.2025-06-17-05" does not exist
W, [2025-06-17T05:47:14.138705 #6761]  WARN -- : log file "/var/log/nginx/healthd/application.log.2025-06-17-05" does not exist
W, [2025-06-17T05:47:19.138989 #6761]  WARN -- : log file "/var/log/nginx/healthd/application.log.2025-06-17-05" does not exist
W, [2025-06-17T05:47:24.139245 #6761]  WARN -- : log file "/var/log/nginx/healthd/application.log.2025-06-17-05" does not exist
W, [2025-06-17T05:47:29.139505 #6761]  WARN -- : log file "/var/log/nginx/healthd/application.log.2025-06-17-05" does not exist
W, [2025-06-17T05:47:34.139759 #6761]  WARN -- : log file "/var/log/nginx/healthd/application.log.2025-06-17-05" does not exist
W, [2025-06-17T05:47:39.140014 #6761]  WARN -- : log file "/var/log/nginx/healthd/application.log.2025-06-17-05" does not exist
W, [2025-06-17T05:47:44.140274 #6761]  WARN -- : log file "/var/log/nginx/healthd/application.log.2025-06-17-05" does not exist
W, [2025-06-17T05:47:49.140587 #6761]  WARN -- : log file "/var/log/nginx/healthd/application.log.2025-06-17-05" does not exist
W, [2025-06-17T05:47:54.140834 #6761]  WARN -- : log file "/var/log/nginx/healthd/application.log.2025-06-17-05" does not exist
W, [2025-06-17T05:47:59.141078 #6761]  WARN -- : log file "/var/log/nginx/healthd/application.log.2025-06-17-05" does not exist
W, [2025-06-17T05:48:04.141445 #6761]  WARN -- : log file "/var/log/nginx/healthd/application.log.2025-06-17-05" does not exist
W, [2025-06-17T05:48:09.141793 #6761]  WARN -- : log file "/var/log/nginx/healthd/application.log.2025-06-17-05" does not exist
W, [2025-06-17T05:48:14.142036 #6761]  WARN -- : log file "/var/log/nginx/healthd/application.log.2025-06-17-05" does not exist
W, [2025-06-17T05:48:19.142288 #6761]  WARN -- : log file "/var/log/nginx/healthd/application.log.2025-06-17-05" does not exist
W, [2025-06-17T05:48:24.142569 #6761]  WARN -- : log file "/var/log/nginx/healthd/application.log.2025-06-17-05" does not exist
W, [2025-06-17T05:48:29.142826 #6761]  WARN -- : log file "/var/log/nginx/healthd/application.log.2025-06-17-05" does not exist
W, [2025-06-17T05:48:34.143094 #6761]  WARN -- : log file "/var/log/nginx/healthd/application.log.2025-06-17-05" does not exist
W, [2025-06-17T05:48:39.143351 #6761]  WARN -- : log file "/var/log/nginx/healthd/application.log.2025-06-17-05" does not exist
W, [2025-06-17T05:48:44.143619 #6761]  WARN -- : log file "/var/log/nginx/healthd/application.log.2025-06-17-05" does not exist
W, [2025-06-17T05:48:49.143888 #6761]  WARN -- : log file "/var/log/nginx/healthd/application.log.2025-06-17-05" does not exist
W, [2025-06-17T05:48:54.144134 #6761]  WARN -- : log file "/var/log/nginx/healthd/application.log.2025-06-17-05" does not exist
W, [2025-06-17T05:48:59.144392 #6761]  WARN -- : log file "/var/log/nginx/healthd/application.log.2025-06-17-05" does not exist
W, [2025-06-17T05:49:04.144841 #6761]  WARN -- : log file "/var/log/nginx/healthd/application.log.2025-06-17-05" does not exist
W, [2025-06-17T05:49:09.145106 #6761]  WARN -- : log file "/var/log/nginx/healthd/application.log.2025-06-17-05" does not exist
W, [2025-06-17T05:49:14.145378 #6761]  WARN -- : log file "/var/log/nginx/healthd/application.log.2025-06-17-05" does not exist
W, [2025-06-17T05:49:19.145646 #6761]  WARN -- : log file "/var/log/nginx/healthd/application.log.2025-06-17-05" does not exist
W, [2025-06-17T05:49:24.145926 #6761]  WARN -- : log file "/var/log/nginx/healthd/application.log.2025-06-17-05" does not exist
W, [2025-06-17T05:49:29.146189 #6761]  WARN -- : log file "/var/log/nginx/healthd/application.log.2025-06-17-05" does not exist
W, [2025-06-17T05:49:34.146461 #6761]  WARN -- : log file "/var/log/nginx/healthd/application.log.2025-06-17-05" does not exist
W, [2025-06-17T05:49:39.146750 #6761]  WARN -- : log file "/var/log/nginx/healthd/application.log.2025-06-17-05" does not exist
W, [2025-06-17T05:49:44.147010 #6761]  WARN -- : log file "/var/log/nginx/healthd/application.log.2025-06-17-05" does not exist
W, [2025-06-17T05:49:49.147275 #6761]  WARN -- : log file "/var/log/nginx/healthd/application.log.2025-06-17-05" does not exist
W, [2025-06-17T05:49:54.147571 #6761]  WARN -- : log file "/var/log/nginx/healthd/application.log.2025-06-17-05" does not exist
W, [2025-06-17T05:49:59.147840 #6761]  WARN -- : log file "/var/log/nginx/healthd/application.log.2025-06-17-05" does not exist
W, [2025-06-17T05:50:04.148161 #6761]  WARN -- : log file "/var/log/nginx/healthd/application.log.2025-06-17-05" does not exist
W, [2025-06-17T05:50:09.148420 #6761]  WARN -- : log file "/var/log/nginx/healthd/application.log.2025-06-17-05" does not exist
W, [2025-06-17T05:50:14.148958 #6761]  WARN -- : log file "/var/log/nginx/healthd/application.log.2025-06-17-05" does not exist
W, [2025-06-17T05:50:19.149221 #6761]  WARN -- : log file "/var/log/nginx/healthd/application.log.2025-06-17-05" does not exist
W, [2025-06-17T05:50:24.149487 #6761]  WARN -- : log file "/var/log/nginx/healthd/application.log.2025-06-17-05" does not exist
W, [2025-06-17T05:50:29.149746 #6761]  WARN -- : log file "/var/log/nginx/healthd/application.log.2025-06-17-05" does not exist
W, [2025-06-17T05:50:34.150008 #6761]  WARN -- : log file "/var/log/nginx/healthd/application.log.2025-06-17-05" does not exist
W, [2025-06-17T05:50:39.150247 #6761]  WARN -- : log file "/var/log/nginx/healthd/application.log.2025-06-17-05" does not exist
F, [2025-06-17T05:50:41.637148 #6761] FATAL -- : /opt/elasticbeanstalk/lib/ruby/lib/ruby/gems/3.4.0/gems/puma-6.6.0/lib/puma/launcher.rb:447:in 'block in Puma::Launcher#setup_signals': SIGTERM (SignalException)
	from /opt/elasticbeanstalk/lib/ruby/lib/ruby/gems/3.4.0/gems/puma-6.6.0/lib/puma/single.rb:63:in 'Thread#join'
	from /opt/elasticbeanstalk/lib/ruby/lib/ruby/gems/3.4.0/gems/puma-6.6.0/lib/puma/single.rb:63:in 'Puma::Single#run'
	from /opt/elasticbeanstalk/lib/ruby/lib/ruby/gems/3.4.0/gems/puma-6.6.0/lib/puma/launcher.rb:203:in 'Puma::Launcher#run'
	from /opt/elasticbeanstalk/lib/ruby/lib/ruby/gems/3.4.0/gems/puma-6.6.0/lib/puma/cli.rb:75:in 'Puma::CLI#run'
	from /opt/elasticbeanstalk/lib/ruby/lib/ruby/gems/3.4.0/gems/healthd-1.0.7/bin/healthd:112:in 'block in <top (required)>'
	from /opt/elasticbeanstalk/lib/ruby/lib/ruby/gems/3.4.0/gems/healthd-1.0.7/bin/healthd:19:in 'Dir.chdir'
	from /opt/elasticbeanstalk/lib/ruby/lib/ruby/gems/3.4.0/gems/healthd-1.0.7/bin/healthd:19:in '<top (required)>'
	from /opt/elasticbeanstalk/lib/ruby/bin/healthd:25:in 'Kernel#load'
	from /opt/elasticbeanstalk/lib/ruby/bin/healthd:25:in '<main>'
A, [2025-06-17T05:50:43.784296 #7866]   ANY -- : healthd daemon 1.0.7 initialized
W, [2025-06-17T05:50:43.854439 #7866]  WARN -- : log file "/var/log/nginx/healthd/application.log.2025-06-17-05" does not exist
W, [2025-06-17T05:50:48.855110 #7866]  WARN -- : log file "/var/log/nginx/healthd/application.log.2025-06-17-05" does not exist
W, [2025-06-17T05:50:53.855358 #7866]  WARN -- : log file "/var/log/nginx/healthd/application.log.2025-06-17-05" does not exist
W, [2025-06-17T05:50:58.855584 #7866]  WARN -- : log file "/var/log/nginx/healthd/application.log.2025-06-17-05" does not exist
W, [2025-06-17T05:51:03.855853 #7866]  WARN -- : log file "/var/log/nginx/healthd/application.log.2025-06-17-05" does not exist
W, [2025-06-17T05:51:08.856108 #7866]  WARN -- : log file "/var/log/nginx/healthd/application.log.2025-06-17-05" does not exist
W, [2025-06-17T05:51:13.856361 #7866]  WARN -- : log file "/var/log/nginx/healthd/application.log.2025-06-17-05" does not exist
W, [2025-06-17T05:51:18.856727 #7866]  WARN -- : log file "/var/log/nginx/healthd/application.log.2025-06-17-05" does not exist
W, [2025-06-17T05:51:23.856986 #7866]  WARN -- : log file "/var/log/nginx/healthd/application.log.2025-06-17-05" does not exist
