2025-06-17 06:10:55,566 P1743 [INFO] ************************************************************
2025-06-17 06:10:55,566 P1743 [INFO] ConfigSet _OnInstanceBoot
2025-06-17 06:10:55,569 P1743 [INFO] ++++++++++++++++++++++++++++++++++++++++++++++++++++++++++++
2025-06-17 06:10:55,569 P1743 [INFO] Config AWSEBBaseConfig
2025-06-17 06:10:55,950 P1743 [INFO] ============================================================
2025-06-17 06:10:55,950 P1743 [INFO] Command clearbackupfiles
2025-06-17 06:10:55,961 P1743 [INFO] Completed successfully.
2025-06-17 06:10:55,966 P1743 [INFO] ++++++++++++++++++++++++++++++++++++++++++++++++++++++++++++
2025-06-17 06:10:55,966 P1743 [INFO] Config AWSEBCfnHupEndpointOverride
2025-06-17 06:10:55,966 P1743 [INFO] ============================================================
2025-06-17 06:10:55,967 P1743 [INFO] Command clearbackupfiles
2025-06-17 06:10:55,980 P1743 [INFO] Completed successfully.
2025-06-17 06:13:02,580 P2279 [INFO] ************************************************************
2025-06-17 06:13:02,580 P2279 [INFO] ConfigSet Infra-EmbeddedPreBuild
2025-06-17 06:14:44,690 P3031 [INFO] ************************************************************
2025-06-17 06:14:44,690 P3031 [INFO] ConfigSet Infra-EmbeddedPostBuild
2025-06-17 06:21:06,589 P3495 [INFO] ************************************************************
2025-06-17 06:21:06,589 P3495 [INFO] ConfigSet Infra-EmbeddedPreBuild
2025-06-17 06:21:11,417 P3791 [INFO] ************************************************************
2025-06-17 06:21:11,417 P3791 [INFO] ConfigSet Infra-EmbeddedPostBuild
2025-06-17 06:30:49,281 P4387 [INFO] ************************************************************
2025-06-17 06:30:49,281 P4387 [INFO] ConfigSet Infra-EmbeddedPreBuild
2025-06-17 06:30:54,362 P4681 [INFO] ************************************************************
2025-06-17 06:30:54,362 P4681 [INFO] ConfigSet Infra-EmbeddedPostBuild
2025-06-17 06:34:52,523 P5049 [INFO] ************************************************************
2025-06-17 06:34:52,523 P5049 [INFO] ConfigSet Infra-EmbeddedPreBuild
2025-06-17 06:34:57,359 P5403 [INFO] ************************************************************
2025-06-17 06:34:57,359 P5403 [INFO] ConfigSet Infra-EmbeddedPostBuild
