2025-06-17T06:13:02.658456062Z container prune  (reclaimed=0)
2025-06-17T06:13:07.913960364Z image pull node:20-slim (name=node)
2025-06-17T06:13:08.639982573Z image pull node:20-slim (name=node)
2025-06-17T06:14:42.266804184Z image tag sha256:0c7dc932ae0dd43a4948c2c9d77fe9b4c1181da6eb8baee33922843b43443bb6 (name=aws_beanstalk/staging-app)
2025-06-17T06:14:44.795821952Z container create 2dcc4747da0aaa5fb06c023a194ad6feadfd13609cdf673ff366648e2d618230 (image=0c7dc932ae0d, name=goofy_maxwell)
2025-06-17T06:14:44.831133019Z network connect e9d94c37b3862912321b0a6f20e131d8974d19ec68ae62ee2691d1fb1163abb4 (container=2dcc4747da0aaa5fb06c023a194ad6feadfd13609cdf673ff366648e2d618230, name=bridge, type=bridge)
2025-06-17T06:14:45.230032027Z container start 2dcc4747da0aaa5fb06c023a194ad6feadfd13609cdf673ff366648e2d618230 (image=0c7dc932ae0d, name=goofy_maxwell)
2025-06-17T06:14:47.185412935Z network disconnect e9d94c37b3862912321b0a6f20e131d8974d19ec68ae62ee2691d1fb1163abb4 (container=2dcc4747da0aaa5fb06c023a194ad6feadfd13609cdf673ff366648e2d618230, name=bridge, type=bridge)
2025-06-17T06:14:47.198780715Z container die 2dcc4747da0aaa5fb06c023a194ad6feadfd13609cdf673ff366648e2d618230 (execDuration=1, exitCode=1, image=0c7dc932ae0d, name=goofy_maxwell)
2025-06-17T06:21:06.672286616Z container destroy 2dcc4747da0aaa5fb06c023a194ad6feadfd13609cdf673ff366648e2d618230 (image=0c7dc932ae0d, name=goofy_maxwell)
2025-06-17T06:21:06.672314205Z container prune  (reclaimed=0)
2025-06-17T06:21:07.502954029Z image pull node:20-slim (name=node)
2025-06-17T06:21:08.191493778Z image pull node:20-slim (name=node)
2025-06-17T06:21:08.453214998Z image tag sha256:0c7dc932ae0dd43a4948c2c9d77fe9b4c1181da6eb8baee33922843b43443bb6 (name=aws_beanstalk/staging-app)
2025-06-17T06:21:11.670488824Z container prune  (reclaimed=0)
2025-06-17T06:21:11.784596174Z container create 6db7ac64f8e996b7085fa0e39ffe4138f9593bbe254584cea4d75ead446615b4 (image=0c7dc932ae0d, name=compassionate_gauss)
2025-06-17T06:21:11.813930735Z network connect e9d94c37b3862912321b0a6f20e131d8974d19ec68ae62ee2691d1fb1163abb4 (container=6db7ac64f8e996b7085fa0e39ffe4138f9593bbe254584cea4d75ead446615b4, name=bridge, type=bridge)
2025-06-17T06:21:12.077361966Z container start 6db7ac64f8e996b7085fa0e39ffe4138f9593bbe254584cea4d75ead446615b4 (image=0c7dc932ae0d, name=compassionate_gauss)
2025-06-17T06:21:13.987170990Z network disconnect e9d94c37b3862912321b0a6f20e131d8974d19ec68ae62ee2691d1fb1163abb4 (container=6db7ac64f8e996b7085fa0e39ffe4138f9593bbe254584cea4d75ead446615b4, name=bridge, type=bridge)
2025-06-17T06:21:13.999062932Z container die 6db7ac64f8e996b7085fa0e39ffe4138f9593bbe254584cea4d75ead446615b4 (execDuration=1, exitCode=1, image=0c7dc932ae0d, name=compassionate_gauss)
2025-06-17T06:30:49.364301501Z container destroy 6db7ac64f8e996b7085fa0e39ffe4138f9593bbe254584cea4d75ead446615b4 (image=0c7dc932ae0d, name=compassionate_gauss)
2025-06-17T06:30:49.364333901Z container prune  (reclaimed=0)
2025-06-17T06:30:50.202476815Z image pull node:20-slim (name=node)
2025-06-17T06:30:50.906670541Z image pull node:20-slim (name=node)
2025-06-17T06:30:51.139850498Z image tag sha256:0c7dc932ae0dd43a4948c2c9d77fe9b4c1181da6eb8baee33922843b43443bb6 (name=aws_beanstalk/staging-app)
2025-06-17T06:30:54.620289767Z container prune  (reclaimed=0)
2025-06-17T06:30:54.724978130Z container create 6d51faf6e5c32e3dbba29c0b4b5b652ad0f07d691bb8453de26c4deb67516b1c (image=0c7dc932ae0d, name=priceless_varahamihira)
2025-06-17T06:30:54.749658973Z network connect e9d94c37b3862912321b0a6f20e131d8974d19ec68ae62ee2691d1fb1163abb4 (container=6d51faf6e5c32e3dbba29c0b4b5b652ad0f07d691bb8453de26c4deb67516b1c, name=bridge, type=bridge)
2025-06-17T06:30:55.002027124Z container start 6d51faf6e5c32e3dbba29c0b4b5b652ad0f07d691bb8453de26c4deb67516b1c (image=0c7dc932ae0d, name=priceless_varahamihira)
2025-06-17T06:30:56.675458415Z network disconnect e9d94c37b3862912321b0a6f20e131d8974d19ec68ae62ee2691d1fb1163abb4 (container=6d51faf6e5c32e3dbba29c0b4b5b652ad0f07d691bb8453de26c4deb67516b1c, name=bridge, type=bridge)
2025-06-17T06:30:56.687635534Z container die 6d51faf6e5c32e3dbba29c0b4b5b652ad0f07d691bb8453de26c4deb67516b1c (execDuration=1, exitCode=1, image=0c7dc932ae0d, name=priceless_varahamihira)
2025-06-17T06:34:52.601088106Z container destroy 6d51faf6e5c32e3dbba29c0b4b5b652ad0f07d691bb8453de26c4deb67516b1c (image=0c7dc932ae0d, name=priceless_varahamihira)
2025-06-17T06:34:52.601115779Z container prune  (reclaimed=0)
2025-06-17T06:34:53.433658338Z image pull node:20-slim (name=node)
2025-06-17T06:34:54.122534037Z image pull node:20-slim (name=node)
2025-06-17T06:34:54.352262451Z image tag sha256:0c7dc932ae0dd43a4948c2c9d77fe9b4c1181da6eb8baee33922843b43443bb6 (name=aws_beanstalk/staging-app)
2025-06-17T06:34:57.587321995Z container prune  (reclaimed=0)
2025-06-17T06:34:57.697325716Z container create c54ff1318f081a3910c6f066f942ab793a5137a598a9fa435e3872e7f058e60f (image=0c7dc932ae0d, name=naughty_shtern)
2025-06-17T06:34:57.724100775Z network connect e9d94c37b3862912321b0a6f20e131d8974d19ec68ae62ee2691d1fb1163abb4 (container=c54ff1318f081a3910c6f066f942ab793a5137a598a9fa435e3872e7f058e60f, name=bridge, type=bridge)
2025-06-17T06:34:57.963373912Z container start c54ff1318f081a3910c6f066f942ab793a5137a598a9fa435e3872e7f058e60f (image=0c7dc932ae0d, name=naughty_shtern)
2025-06-17T06:34:59.785306191Z network disconnect e9d94c37b3862912321b0a6f20e131d8974d19ec68ae62ee2691d1fb1163abb4 (container=c54ff1318f081a3910c6f066f942ab793a5137a598a9fa435e3872e7f058e60f, name=bridge, type=bridge)
2025-06-17T06:34:59.797705549Z container die c54ff1318f081a3910c6f066f942ab793a5137a598a9fa435e3872e7f058e60f (execDuration=1, exitCode=1, image=0c7dc932ae0d, name=naughty_shtern)
